INFO: [VRFC 10-2263] Analyzing SystemVerilog file "C:/Users/hausd/Dateien/Xilinx_proj/bsc_mandelbulb2/bsc_mandelbulb2.srcs/sources_1/imports/new/fixedpoint.sv" into library xil_defaultlib
INFO: [VRFC 10-2263] Analyzing SystemVerilog file "C:/Users/hausd/Dateien/Xilinx_proj/bsc_mandelbulb2/bsc_mandelbulb2.srcs/sources_1/new/BRAM_to_HDMI.sv" into library xil_defaultlib
INFO: [VRFC 10-311] analyzing module BRAM_to_HDMI
INFO: [VRFC 10-2263] Analyzing SystemVerilog file "C:/Users/hausd/Dateien/Xilinx_proj/bsc_mandelbulb2/bsc_mandelbulb2.srcs/sources_1/imports/rtl/async_reset.sv" into library xil_defaultlib
INFO: [VRFC 10-311] analyzing module async_reset
INFO: [VRFC 10-2263] Analyzing SystemVerilog file "C:/Users/hausd/Dateien/Xilinx_proj/bsc_mandelbulb2/bsc_mandelbulb2.srcs/sources_1/imports/rtl/display_clocks.sv" into library xil_defaultlib
INFO: [VRFC 10-311] analyzing module display_clocks
INFO: [VRFC 10-2263] Analyzing SystemVerilog file "C:/Users/hausd/Dateien/Xilinx_proj/bsc_mandelbulb2/bsc_mandelbulb2.srcs/sources_1/imports/rtl/display_timings.sv" into library xil_defaultlib
INFO: [VRFC 10-311] analyzing module display_timings
INFO: [VRFC 10-2263] Analyzing SystemVerilog file "C:/Users/hausd/Dateien/Xilinx_proj/bsc_mandelbulb2/bsc_mandelbulb2.srcs/sources_1/imports/rtl/dvi_generator.sv" into library xil_defaultlib
INFO: [VRFC 10-311] analyzing module dvi_generator
INFO: [VRFC 10-2263] Analyzing SystemVerilog file "C:/Users/hausd/Dateien/Xilinx_proj/bsc_mandelbulb2/bsc_mandelbulb2.srcs/sources_1/imports/rtl/serializer_10to1.sv" into library xil_defaultlib
INFO: [VRFC 10-311] analyzing module serializer_10to1
INFO: [VRFC 10-2263] Analyzing SystemVerilog file "C:/Users/hausd/Dateien/Xilinx_proj/bsc_mandelbulb2/bsc_mandelbulb2.srcs/sources_1/imports/rtl/tmds_encoder_dvi.sv" into library xil_defaultlib
INFO: [VRFC 10-311] analyzing module tmds_encoder_dvi
INFO: [VRFC 10-2263] Analyzing SystemVerilog file "C:/Users/hausd/Dateien/Xilinx_proj/bsc_mandelbulb2/bsc_mandelbulb2.srcs/sources_1/imports/rtl/demo/display_demo_dvi.sv" into library xil_defaultlib
INFO: [VRFC 10-311] analyzing module display_demo_dvi
INFO: [VRFC 10-2263] Analyzing SystemVerilog file "C:/Users/hausd/Dateien/Xilinx_proj/bsc_mandelbulb2/bsc_mandelbulb2.srcs/sources_1/new/test_card_drawToScreen.sv" into library xil_defaultlib
INFO: [VRFC 10-311] analyzing module test_card_drawToScreen
INFO: [VRFC 10-2263] Analyzing SystemVerilog file "C:/Users/hausd/Dateien/Xilinx_proj/bsc_mandelbulb2/bsc_mandelbulb2.srcs/sources_1/new/approximate_multiplier.sv" into library xil_defaultlib
INFO: [VRFC 10-311] analyzing module fixedpoint_mult
INFO: [VRFC 10-311] analyzing module fixedpoint_mult_s
INFO: [VRFC 10-311] analyzing module approximate_multiplier
INFO: [VRFC 10-2263] Analyzing SystemVerilog file "C:/Users/hausd/Dateien/Xilinx_proj/bsc_mandelbulb2/bsc_mandelbulb2.srcs/sources_1/imports/new/fixedpoint_MSB_index.sv" into library xil_defaultlib
INFO: [VRFC 10-311] analyzing module fixedpoint_MSB_index
INFO: [VRFC 10-2263] Analyzing SystemVerilog file "C:/Users/hausd/Dateien/Xilinx_proj/bsc_mandelbulb2/bsc_mandelbulb2.srcs/sources_1/imports/new/fixedpoint_MSB_index2.sv" into library xil_defaultlib
INFO: [VRFC 10-311] analyzing module fixedpoint_MSB_index2
INFO: [VRFC 10-2263] Analyzing SystemVerilog file "C:/Users/hausd/Dateien/Xilinx_proj/bsc_mandelbulb2/bsc_mandelbulb2.srcs/sources_1/imports/new/fixedpoint_arctan2.sv" into library xil_defaultlib
INFO: [VRFC 10-311] analyzing module fixedpoint_arctan2
INFO: [VRFC 10-2263] Analyzing SystemVerilog file "C:/Users/hausd/Dateien/Xilinx_proj/bsc_mandelbulb2/bsc_mandelbulb2.srcs/sources_1/imports/new/fixedpoint_sin_cos.sv" into library xil_defaultlib
INFO: [VRFC 10-311] analyzing module fixedpoint_sin_cos
INFO: [VRFC 10-2263] Analyzing SystemVerilog file "C:/Users/hausd/Dateien/Xilinx_proj/bsc_mandelbulb2/bsc_mandelbulb2.srcs/sources_1/imports/new/fixedpoint_pow8.sv" into library xil_defaultlib
INFO: [VRFC 10-311] analyzing module fixedpoint_pow8
INFO: [VRFC 10-2263] Analyzing SystemVerilog file "C:/Users/hausd/Dateien/Xilinx_proj/bsc_mandelbulb2/bsc_mandelbulb2.srcs/sources_1/imports/new/fixedpoint_to_polar.sv" into library xil_defaultlib
INFO: [VRFC 10-311] analyzing module fixedpoint_to_polar
INFO: [VRFC 10-2263] Analyzing SystemVerilog file "C:/Users/hausd/Dateien/Xilinx_proj/bsc_mandelbulb2/bsc_mandelbulb2.srcs/sources_1/imports/new/fixedpoint_to_cartesian.sv" into library xil_defaultlib
INFO: [VRFC 10-311] analyzing module fixedpoint_to_cartesian
INFO: [VRFC 10-2263] Analyzing SystemVerilog file "C:/Users/hausd/Dateien/Xilinx_proj/bsc_mandelbulb2/bsc_mandelbulb2.srcs/sources_1/imports/new/dr_zr.sv" into library xil_defaultlib
INFO: [VRFC 10-311] analyzing module dr_zr
INFO: [VRFC 10-2263] Analyzing SystemVerilog file "C:/Users/hausd/Dateien/Xilinx_proj/bsc_mandelbulb2/bsc_mandelbulb2.srcs/sources_1/imports/new/mb_to_polar.sv" into library xil_defaultlib
INFO: [VRFC 10-311] analyzing module mb_to_polar
INFO: [VRFC 10-2263] Analyzing SystemVerilog file "C:/Users/hausd/Dateien/Xilinx_proj/bsc_mandelbulb2/bsc_mandelbulb2.srcs/sources_1/imports/new/mb_dr_zr.sv" into library xil_defaultlib
INFO: [VRFC 10-311] analyzing module mb_dr_zr
INFO: [VRFC 10-2263] Analyzing SystemVerilog file "C:/Users/hausd/Dateien/Xilinx_proj/bsc_mandelbulb2/bsc_mandelbulb2.srcs/sources_1/imports/new/mb_to_cartesian.sv" into library xil_defaultlib
INFO: [VRFC 10-311] analyzing module mb_to_cartesian
INFO: [VRFC 10-2263] Analyzing SystemVerilog file "C:/Users/hausd/Dateien/Xilinx_proj/bsc_mandelbulb2/bsc_mandelbulb2.srcs/sources_1/imports/new/mb_sdf_iteration.sv" into library xil_defaultlib
INFO: [VRFC 10-311] analyzing module mb_sdf_iteration
INFO: [VRFC 10-2263] Analyzing SystemVerilog file "C:/Users/hausd/Dateien/Xilinx_proj/bsc_mandelbulb2/bsc_mandelbulb2.srcs/sources_1/imports/new/mb_log_dist.sv" into library xil_defaultlib
INFO: [VRFC 10-311] analyzing module mb_log_dist
INFO: [VRFC 10-2263] Analyzing SystemVerilog file "C:/Users/hausd/Dateien/Xilinx_proj/bsc_mandelbulb2/bsc_mandelbulb2.srcs/sources_1/imports/new/mandelbulb_sdf.sv" into library xil_defaultlib
INFO: [VRFC 10-311] analyzing module mandelbulb_sdf
INFO: [VRFC 10-2263] Analyzing SystemVerilog file "C:/Users/hausd/Dateien/Xilinx_proj/bsc_mandelbulb2/bsc_mandelbulb2.srcs/sources_1/imports/new/ray_march.sv" into library xil_defaultlib
INFO: [VRFC 10-311] analyzing module ray_march
INFO: [VRFC 10-2263] Analyzing SystemVerilog file "C:/Users/hausd/Dateien/Xilinx_proj/bsc_mandelbulb2/bsc_mandelbulb2.srcs/sources_1/new/bkm_log2.sv" into library xil_defaultlib
INFO: [VRFC 10-311] analyzing module bkm_log2
INFO: [VRFC 10-2263] Analyzing SystemVerilog file "C:/Users/hausd/Dateien/Xilinx_proj/bsc_mandelbulb2/bsc_mandelbulb2.srcs/sources_1/new/cordic_inverse_number.sv" into library xil_defaultlib
INFO: [VRFC 10-311] analyzing module cordic_inverse_number
INFO: [VRFC 10-2263] Analyzing SystemVerilog file "C:/Users/hausd/Dateien/Xilinx_proj/bsc_mandelbulb2/bsc_mandelbulb2.srcs/sim_1/new/testbench.sv" into library xil_defaultlib
INFO: [VRFC 10-311] analyzing module testbench
