Copyright 1986-2022 Xilinx, Inc. All Rights Reserved.
---------------------------------------------------------------------------------------------
| Tool Version : Vivado v.2022.2 (win64) Build 3671981 Fri Oct 14 05:00:03 MDT 2022
| Date         : Mon Aug 26 20:13:34 2024
| Host         : DESKTOP-H9C91L2 running 64-bit major release  (build 9200)
| Command      : report_control_sets -verbose -file display_demo_dvi_control_sets_placed.rpt
| Design       : display_demo_dvi
| Device       : xc7a200t
---------------------------------------------------------------------------------------------

Control Set Information

Table of Contents
-----------------
1. Summary
2. Histogram
3. Flip-Flop Distribution
4. Detailed Control Set Information

1. Summary
----------

+----------------------------------------------------------+-------+
|                          Status                          | Count |
+----------------------------------------------------------+-------+
| Total control sets                                       |   155 |
|    Minimum number of control sets                        |    61 |
|    Addition due to synthesis replication                 |     0 |
|    Addition due to physical synthesis replication        |    94 |
| Unused register locations in slices containing registers |   620 |
+----------------------------------------------------------+-------+
* Control sets can be merged at opt_design using control_set_merge or merge_equivalent_drivers
** Run report_qor_suggestions for automated merging and remapping suggestions


2. Histogram
------------

+--------------------+-------+
|       Fanout       | Count |
+--------------------+-------+
| Total control sets |   155 |
| >= 0 to < 4        |     9 |
| >= 4 to < 6        |     8 |
| >= 6 to < 8        |     2 |
| >= 8 to < 10       |     0 |
| >= 10 to < 12      |     3 |
| >= 12 to < 14      |     3 |
| >= 14 to < 16      |     0 |
| >= 16              |   130 |
+--------------------+-------+
* Control sets can be remapped at either synth_design or opt_design


3. Flip-Flop Distribution
-------------------------

+--------------+-----------------------+------------------------+-----------------+--------------+
| Clock Enable | Synchronous Set/Reset | Asynchronous Set/Reset | Total Registers | Total Slices |
+--------------+-----------------------+------------------------+-----------------+--------------+
| No           | No                    | No                     |           55619 |        13858 |
| No           | No                    | Yes                    |               3 |            1 |
| No           | Yes                   | No                     |             709 |          208 |
| Yes          | No                    | No                     |           54403 |        17849 |
| Yes          | No                    | Yes                    |               0 |            0 |
| Yes          | Yes                   | No                     |             182 |           49 |
+--------------+-----------------------+------------------------+-----------------+--------------+


4. Detailed Control Set Information
-----------------------------------

+-------------------------------+--------------------------------------------------------------+----------------------------------------------------------+------------------+----------------+--------------+
|          Clock Signal         |                         Enable Signal                        |                     Set/Reset Signal                     | Slice Load Count | Bel Load Count | Bels / Slice |
+-------------------------------+--------------------------------------------------------------+----------------------------------------------------------+------------------+----------------+--------------+
|  CLK_IBUF_BUFG                | raymarcher/ss/msdi_3/tp/tp/act1/valid_1_repN_12              |                                                          |                1 |              1 |         1.00 |
|  CLK_IBUF_BUFG                | raymarcher/ss/msdi_4/tp/tp/act1/valid_1_repN_10              |                                                          |                1 |              1 |         1.00 |
|  CLK_IBUF_BUFG                | raymarcher/ss/msdi_4/tp/tp/act1/valid_1_repN_6               |                                                          |                1 |              1 |         1.00 |
|  CLK_IBUF_BUFG                | raymarcher/ss/msdi_3/tp/tp/act1/valid_1                      |                                                          |                1 |              2 |         2.00 |
|  CLK_IBUF_BUFG                | raymarcher/ss/msdi_4/tp/tp/act1/valid_1                      |                                                          |                1 |              2 |         2.00 |
|  CLK_IBUF_BUFG                | raymarcher/ss/msdi_2/tp/tp/act1/valid_1_repN_14              |                                                          |                3 |              3 |         1.00 |
|  CLK_IBUF_BUFG                | raymarcher/ss/msdi_3/tp/tp/act1/valid_1_repN_15              |                                                          |                1 |              3 |         3.00 |
|  CLK_IBUF_BUFG                | raymarcher/ss/msdi_3/tp/tp/act1/valid_1_repN_29              |                                                          |                1 |              3 |         3.00 |
|  CLK_IBUF_BUFG                | raymarcher/ss/msdi_3/tp/tp/act1/valid_1_repN_9               |                                                          |                2 |              3 |         1.50 |
|  CLK_IBUF_BUFG                |                                                              | raymarcher/fm1/reg_out_valid_reg[8]_0                    |                2 |              4 |         2.00 |
|  CLK_IBUF_BUFG                |                                                              | raymarcher/ss/msdi_2/tc/tc/sc1/y[1][41]_i_1__5_n_0       |                1 |              5 |         5.00 |
|  CLK_IBUF_BUFG                |                                                              | raymarcher/ss/msdi_3/tc/tc/sc1/y[1][41]_i_1__9_n_0       |                2 |              5 |         2.50 |
|  CLK_IBUF_BUFG                | raymarcher/fm1/break_cond                                    | raymarcher/fm1/x_reg[10]                                 |                3 |              5 |         1.67 |
|  CLK_IBUF_BUFG                |                                                              | raymarcher/ss/msdi_4/tc/tc/sc1/y[1][41]_i_1__13_n_0      |                1 |              5 |         5.00 |
|  CLK_IBUF_BUFG                |                                                              | raymarcher/ss/msdi_1/tc/tc/sc1/y[1][41]_i_1__1_n_0       |                2 |              5 |         2.50 |
|  CLK_IBUF_BUFG                | raymarcher/fm1/E[0]                                          | raymarcher/fm1/SR[0]                                     |                2 |              5 |         2.50 |
|  CLK_IBUF_BUFG                | raymarcher/fm1/break_cond                                    |                                                          |                4 |              5 |         1.25 |
|  CLK_IBUF_BUFG                | raymarcher/ss/msdi_2/tp/tp/act1/valid_1_repN_8               |                                                          |                4 |              6 |         1.50 |
|  CLK_IBUF_BUFG                |                                                              | raymarcher/next_mb_iter                                  |                4 |              7 |         1.75 |
|  CLK_IBUF_BUFG                | raymarcher/fm1/x_reg[6]                                      | raymarcher/fm1/y_reg[5]                                  |                2 |             10 |         5.00 |
|  CLK_IBUF_BUFG                |                                                              | raymarcher/msg[epsilon][64]_i_1_n_0                      |                7 |             11 |         1.57 |
|  CLK_IBUF_BUFG                | raymarcher/ss/msdi_2/tp/tp/act1/valid_1_repN_25              |                                                          |                5 |             11 |         2.20 |
|  display_clocks_inst/o_clk_1x |                                                              | display_timings_inst/SR[0]                               |                9 |             12 |         1.33 |
|  CLK_IBUF_BUFG                | raymarcher/ss/msdi_3/tp/tp/act1/valid_1_repN_34              |                                                          |                3 |             12 |         4.00 |
|  CLK_IBUF_BUFG                | raymarcher/ss/msdi_3/tp/tp/act1/valid_1_repN_18              |                                                          |                7 |             13 |         1.86 |
|  display_clocks_inst/o_clk_1x | display_timings_inst/o_sy                                    | display_clocks_inst/SR[0]                                |                4 |             16 |         4.00 |
|  display_clocks_inst/o_clk_1x |                                                              | display_timings_inst/o_sx[0]_i_1_n_0                     |                4 |             16 |         4.00 |
|  CLK_IBUF_BUFG                | raymarcher/ss/msdi_3/tp/tp/act1/valid_1_repN_10              |                                                          |                1 |             16 |        16.00 |
|  CLK_IBUF_BUFG                | raymarcher/ss/msdi_3/tp/tp/act1/valid_1_repN_36              |                                                          |                3 |             17 |         5.67 |
|  display_clocks_inst/o_clk_1x |                                                              |                                                          |               11 |             18 |         1.64 |
|  CLK_IBUF_BUFG                | raymarcher/ss/msdi_2/tp/tp/act1/valid_1_repN_18              |                                                          |                5 |             18 |         3.60 |
|  CLK_IBUF_BUFG                |                                                              | raymarcher/debounce_BTNL/PB_idle                         |                5 |             20 |         4.00 |
|  CLK_IBUF_BUFG                |                                                              | raymarcher/debounce_BTNR/PB_idle                         |                5 |             20 |         4.00 |
|  CLK_IBUF_BUFG                |                                                              | raymarcher/debounce_BTNU/PB_idle                         |                5 |             20 |         4.00 |
|  CLK_IBUF_BUFG                |                                                              | raymarcher/debounce_BTNC/PB_idle                         |                5 |             20 |         4.00 |
|  CLK_IBUF_BUFG                |                                                              | raymarcher/debounce_BTND/PB_idle                         |                5 |             20 |         4.00 |
|  CLK_IBUF_BUFG                | raymarcher/fm1/E[0]                                          |                                                          |               11 |             20 |         1.82 |
|  CLK_IBUF_BUFG                | raymarcher/fm1/break_cond                                    | raymarcher/fm1/x_reg[10]_0                               |                5 |             20 |         4.00 |
|  CLK_IBUF_BUFG                | raymarcher/ss/msdi_3/tp/tp/act1/valid_1_repN_3               |                                                          |                7 |             26 |         3.71 |
|  CLK_IBUF_BUFG                | raymarcher/ss/msdi_3/tp/tp/act1/valid_1_repN_22              |                                                          |                3 |             26 |         8.67 |
|  display_clocks_inst/o_clk_1x |                                                              | display_clocks_inst/SR[0]                                |               10 |             29 |         2.90 |
|  CLK_IBUF_BUFG                |                                                              | raymarcher/ss/msdi_3/dr_zr/drzr/zr_out[1][37]_i_1__1_n_0 |                6 |             35 |         5.83 |
|  CLK_IBUF_BUFG                |                                                              | raymarcher/ss/msdi_4/dr_zr/drzr/zr_out[1][37]_i_1__2_n_0 |                7 |             35 |         5.00 |
|  CLK_IBUF_BUFG                |                                                              | raymarcher/ss/msdi_1/dr_zr/drzr/zr_out[1][37]_i_1_n_0    |                7 |             35 |         5.00 |
|  CLK_IBUF_BUFG                |                                                              | raymarcher/ss/msdi_2/dr_zr/drzr/zr_out[1][37]_i_1__0_n_0 |                5 |             35 |         7.00 |
|  CLK_IBUF_BUFG                | raymarcher/ss/msdi_3/tp/tp/act1/valid_1_repN_8               |                                                          |                3 |             36 |        12.00 |
|  CLK_IBUF_BUFG                |                                                              | raymarcher/ss/ld/invn/leadingone/out_valid_reg_reg[6]_0  |               16 |             39 |         2.44 |
|  CLK_IBUF_BUFG                | raymarcher/ss/msdi_3/tp/tp/act1/valid_1_repN_28              |                                                          |               10 |             41 |         4.10 |
|  CLK_IBUF_BUFG                | raymarcher/ss/msdi_3/tp/tp/act1/valid_1_repN_17              |                                                          |                9 |             42 |         4.67 |
|  CLK_IBUF_BUFG                | raymarcher/ss/msdi_3/tp/tp/act1/valid_1_repN_35              |                                                          |                6 |             42 |         7.00 |
|  CLK_IBUF_BUFG                | raymarcher/ss/msdi_3/tp/tp/act1/valid_1_repN_21              |                                                          |                9 |             46 |         5.11 |
|  CLK_IBUF_BUFG                | raymarcher/ss/msdi_4/tp/tp/act1/valid_1_repN_22              |                                                          |               13 |             49 |         3.77 |
|  CLK_IBUF_BUFG                | raymarcher/fm1/x_reg[6]                                      | raymarcher/fm1/x_reg[10]_0                               |               16 |             61 |         3.81 |
|  CLK_IBUF_BUFG                | raymarcher/ss/msdi_3/tp/tp/act1/valid_1_repN_2               |                                                          |               14 |             62 |         4.43 |
|  CLK_IBUF_BUFG                | raymarcher/ss/msdi_4/tp/tp/act1/valid_1_repN_4               |                                                          |                8 |             62 |         7.75 |
|  CLK_IBUF_BUFG                | raymarcher/ss/msdi_2/tp/tp/act1/valid_1_repN_20              |                                                          |               18 |             63 |         3.50 |
|  CLK_IBUF_BUFG                | raymarcher/fm1/break_cond                                    | raymarcher/fm1/x_reg[6]                                  |               17 |             65 |         3.82 |
|  CLK_IBUF_BUFG                | raymarcher/debounce_BTNC/camera_x                            |                                                          |               17 |             65 |         3.82 |
|  CLK_IBUF_BUFG                | raymarcher/ss/msdi_4/tp/tp/act1/valid_1_repN_17              |                                                          |               17 |             65 |         3.82 |
|  CLK_IBUF_BUFG                |                                                              | raymarcher/ss/ld/approxmult_dst2/val_reg[1]_0            |               21 |             65 |         3.10 |
|  CLK_IBUF_BUFG                | raymarcher/ss/msdi_3/tp/tp/act1/valid_1_repN_1               |                                                          |               12 |             66 |         5.50 |
|  CLK_IBUF_BUFG                | raymarcher/ss/msdi_4/tp/tp/act1/valid_1_repN_11              |                                                          |               18 |             66 |         3.67 |
|  CLK_IBUF_BUFG                | raymarcher/ss/msdi_3/tp/tp/act1/valid_1_repN_16              |                                                          |               18 |             70 |         3.89 |
|  CLK_IBUF_BUFG                | raymarcher/ss/msdi_2/tp/tp/act1/valid_1_repN_13              |                                                          |               16 |             70 |         4.38 |
|  CLK_IBUF_BUFG                | raymarcher/ss/msdi_2/tp/tp/act1/valid_1_repN_19              |                                                          |               18 |             74 |         4.11 |
|  CLK_IBUF_BUFG                | raymarcher/ss/msdi_2/tp/tp/act1/valid_1_repN_21              |                                                          |               21 |             75 |         3.57 |
|  CLK_IBUF_BUFG                | raymarcher/ss/msdi_2/tp/tp/act1/valid_1_repN_16              |                                                          |               15 |             83 |         5.53 |
|  CLK_IBUF_BUFG                | raymarcher/ss/msdi_2/tp/tp/act1/valid_1_repN_4               |                                                          |               13 |             91 |         7.00 |
|  CLK_IBUF_BUFG                | raymarcher/ss/msdi_4/tp/tp/act1/valid_1_repN_2               |                                                          |               23 |             92 |         4.00 |
|  CLK_IBUF_BUFG                | raymarcher/ss/msdi_3/tp/tp/act1/valid_1_repN_19              |                                                          |               19 |            104 |         5.47 |
|  CLK_IBUF_BUFG                | raymarcher/ss/msdi_2/tp/tp/act1/valid_1_repN_6               |                                                          |               29 |            107 |         3.69 |
|  CLK_IBUF_BUFG                | raymarcher/ss/msdi_2/tp/tp/act1/valid_1_repN_9               |                                                          |               30 |            112 |         3.73 |
|  CLK_IBUF_BUFG                | raymarcher/ss/msdi_4/tp/tp/act1/valid_1_repN                 |                                                          |               27 |            112 |         4.15 |
|  CLK_IBUF_BUFG                | raymarcher/ss/msdi_3/tp/tp/act1/valid_1_repN_11              |                                                          |               31 |            115 |         3.71 |
|  CLK_IBUF_BUFG                | raymarcher/ss/msdi_3/tp/tp/act1/valid_1_repN_14              |                                                          |               30 |            116 |         3.87 |
|  CLK_IBUF_BUFG                | raymarcher/ss/msdi_2/tp/tp/act1/valid_1_repN_1               |                                                          |               39 |            128 |         3.28 |
|  CLK_IBUF_BUFG                | raymarcher/ss/msdi_3/tp/tp/act1/valid_1_repN_32              |                                                          |               34 |            130 |         3.82 |
|  CLK_IBUF_BUFG                | raymarcher/ss/msdi_4/tp/tp/act1/valid_1_repN_13              |                                                          |               34 |            130 |         3.82 |
|  CLK_IBUF_BUFG                | raymarcher/ss/msdi_3/tp/tp/act1/valid_1_repN_33              |                                                          |               36 |            134 |         3.72 |
|  CLK_IBUF_BUFG                | raymarcher/ss/msdi_3/tp/tp/act1/valid_1_repN_20              |                                                          |               36 |            134 |         3.72 |
|  CLK_IBUF_BUFG                | raymarcher/ss/msdi_2/tp/tp/act1/valid_1_repN_26              |                                                          |               38 |            135 |         3.55 |
|  CLK_IBUF_BUFG                | raymarcher/ss/msdi_4/tp/tp/act1/valid_1_repN_1               |                                                          |               24 |            136 |         5.67 |
|  CLK_IBUF_BUFG                | raymarcher/ss/msdi_4/tp/tp/act1/valid_1_repN_20              |                                                          |               40 |            154 |         3.85 |
|  CLK_IBUF_BUFG                | raymarcher/ss/msdi_2/tp/tp/act1/valid_1_repN_10              |                                                          |               39 |            155 |         3.97 |
|  CLK_IBUF_BUFG                | raymarcher/ss/msdi_4/tp/tp/act1/valid_1_repN_7               |                                                          |               39 |            157 |         4.03 |
|  CLK_IBUF_BUFG                | raymarcher/ss/msdi_2/tp/tp/act1/valid_1                      |                                                          |               51 |            195 |         3.82 |
|  CLK_IBUF_BUFG                | raymarcher/ss/msdi_4/tp/tp/act1/valid_1_repN_21              |                                                          |               51 |            195 |         3.82 |
|  CLK_IBUF_BUFG                | raymarcher/ss/msdi_4/tp/tp/act1/valid_1_repN_24              |                                                          |               51 |            195 |         3.82 |
|  CLK_IBUF_BUFG                | raymarcher/ss/msdi_2/tp/tp/act1/valid_1_repN_30              |                                                          |               51 |            195 |         3.82 |
|  CLK_IBUF_BUFG                | raymarcher/ss/msdi_4/tp/tp/act1/valid_1_repN_26              |                                                          |               52 |            196 |         3.77 |
|  CLK_IBUF_BUFG                | raymarcher/ss/msdi_3/tp/tp/act1/valid_1_repN_26              |                                                          |               53 |            197 |         3.72 |
|  CLK_IBUF_BUFG                | raymarcher/ss/msdi_3/tp/tp/act1/valid_1_repN_31              |                                                          |               52 |            197 |         3.79 |
|  CLK_IBUF_BUFG                | raymarcher/ss/msdi_3/tp/tp/act1/valid_1_repN_5               |                                                          |               51 |            198 |         3.88 |
|  CLK_IBUF_BUFG                | raymarcher/ss/msdi_3/tp/tp/act1/valid_1_repN_30              |                                                          |               52 |            199 |         3.83 |
|  CLK_IBUF_BUFG                | raymarcher/ss/msdi_2/tp/tp/act1/valid_1_repN_15              |                                                          |               52 |            202 |         3.88 |
|  CLK_IBUF_BUFG                | raymarcher/ss/msdi_3/tp/tp/act1/valid_1_repN_4               |                                                          |               49 |            203 |         4.14 |
|  CLK_IBUF_BUFG                | raymarcher/ss/msdi_2/tp/tp/act1/valid_1_repN_22              |                                                          |               52 |            204 |         3.92 |
|  CLK_IBUF_BUFG                | raymarcher/ss/msdi_4/tp/tp/act1/valid_1_repN_18              |                                                          |               53 |            206 |         3.89 |
|  CLK_IBUF_BUFG                | raymarcher/ss/msdi_2/tp/tp/act1/valid_1_repN_7               |                                                          |               56 |            207 |         3.70 |
|  CLK_IBUF_BUFG                | raymarcher/ss/msdi_4/tp/tp/act1/valid_1_repN_25              |                                                          |               54 |            209 |         3.87 |
|  CLK_IBUF_BUFG                | raymarcher/ss/msdi_4/tp/tp/act1/valid_1_repN_3               |                                                          |               55 |            212 |         3.85 |
|  CLK_IBUF_BUFG                | raymarcher/ss/msdi_3/tp/tp/act1/valid_1_repN_13              |                                                          |               56 |            213 |         3.80 |
|  CLK_IBUF_BUFG                | raymarcher/ss/msdi_4/tp/tp/act1/valid_1_repN_23              |                                                          |               57 |            222 |         3.89 |
|  CLK_IBUF_BUFG                | raymarcher/ss/msdi_4/tp/tp/act1/valid_1_repN_16              |                                                          |               57 |            222 |         3.89 |
|  CLK_IBUF_BUFG                | raymarcher/ss/msdi_2/tp/tp/act1/valid_1_repN_23              |                                                          |               55 |            227 |         4.13 |
|  CLK_IBUF_BUFG                | raymarcher/ss/msdi_2/tp/tp/act1/valid_1_repN_12              |                                                          |               60 |            233 |         3.88 |
|  CLK_IBUF_BUFG                | raymarcher/ss/msdi_4/tp/tp/act1/valid_1_repN_8               |                                                          |               51 |            241 |         4.73 |
|  CLK_IBUF_BUFG                | raymarcher/ss/msdi_2/tp/tp/act1/valid_1_repN_11              |                                                          |               64 |            245 |         3.83 |
|  CLK_IBUF_BUFG                | raymarcher/ss/msdi_3/tp/tp/act1/valid_1_repN                 |                                                          |               64 |            259 |         4.05 |
|  CLK_IBUF_BUFG                | raymarcher/ss/msdi_2/tp/tp/act1/valid_1_repN_28              |                                                          |               68 |            260 |         3.82 |
|  CLK_IBUF_BUFG                | raymarcher/ss/msdi_4/tp/tp/act1/valid_1_repN_27              |                                                          |               68 |            260 |         3.82 |
|  CLK_IBUF_BUFG                | raymarcher/ss/msdi_4/tp/tp/act1/valid_1_repN_14              |                                                          |               68 |            260 |         3.82 |
|  CLK_IBUF_BUFG                | raymarcher/ss/msdi_2/tp/tp/act1/valid_1_repN_29              |                                                          |               68 |            260 |         3.82 |
|  CLK_IBUF_BUFG                | raymarcher/ss/msdi_2/tp/tp/act1/valid_1_repN                 |                                                          |               70 |            263 |         3.76 |
|  CLK_IBUF_BUFG                | raymarcher/ss/msdi_2/tp/tp/act1/valid_1_repN_24              |                                                          |               69 |            264 |         3.83 |
|  CLK_IBUF_BUFG                |                                                              | raymarcher/fm1/break_cond                                |               80 |            269 |         3.36 |
|  CLK_IBUF_BUFG                | raymarcher/ss/msdi_4/tp/tp/act1/valid_1_repN_5               |                                                          |               85 |            320 |         3.76 |
|  CLK_IBUF_BUFG                | raymarcher/ss/msdi_4/tp/tp/act1/valid_1_repN_9               |                                                          |               85 |            325 |         3.82 |
|  CLK_IBUF_BUFG                | raymarcher/ss/msdi_4/tp/tp/act1/valid_1_repN_12              |                                                          |               86 |            327 |         3.80 |
|  CLK_IBUF_BUFG                | raymarcher/ss/msdi_3/tp/tp/act1/valid_1_repN_23              |                                                          |               86 |            328 |         3.81 |
|  CLK_IBUF_BUFG                | raymarcher/ss/msdi_3/tp/tp/act1/valid_1_repN_6               |                                                          |               86 |            330 |         3.84 |
|  CLK_IBUF_BUFG                | raymarcher/ss/msdi_3/tp/tp/act1/valid_1_repN_25              |                                                          |               86 |            330 |         3.84 |
|  CLK_IBUF_BUFG                | raymarcher/ss/msdi_2/tp/tp/act1/valid_1_repN_17              |                                                          |               88 |            336 |         3.82 |
|  CLK_IBUF_BUFG                | raymarcher/ss/msdi_2/tp/tp/act1/valid_1_repN_27              |                                                          |              102 |            390 |         3.82 |
|  CLK_IBUF_BUFG                | raymarcher/ss/msdi_4/tp/tp/act1/valid_1_repN_15              |                                                          |              102 |            390 |         3.82 |
|  CLK_IBUF_BUFG                | raymarcher/ss/msdi_3/tp/tp/act1/valid_1_repN_24              |                                                          |              123 |            470 |         3.82 |
|  CLK_IBUF_BUFG                | raymarcher/ss/msdi_4/tp/tp/act1/valid_1_repN_19              |                                                          |              126 |            477 |         3.79 |
|  CLK_IBUF_BUFG                | raymarcher/ss/msdi_4/dr_zr/drzr/p8/p_1_in0                   |                                                          |              108 |            478 |         4.43 |
|  CLK_IBUF_BUFG                | raymarcher/ss/msdi_3/dr_zr/drzr/p8/p_1_in0                   |                                                          |               90 |            478 |         5.31 |
|  CLK_IBUF_BUFG                | raymarcher/ss/msdi_2/dr_zr/drzr/p8/p_1_in0                   |                                                          |               97 |            478 |         4.93 |
|  CLK_IBUF_BUFG                | raymarcher/ss/msdi_1/dr_zr/drzr/p8/p_1_in0                   |                                                          |              102 |            478 |         4.69 |
|  CLK_IBUF_BUFG                | raymarcher/ss/msdi_3/tp/tp/act1/valid_1_repN_27              |                                                          |              136 |            521 |         3.83 |
|  CLK_IBUF_BUFG                | raymarcher/ss/ld/approxmult_dst1/valid3                      |                                                          |              120 |            522 |         4.35 |
|  CLK_IBUF_BUFG                | raymarcher/ss/ld/lg2/valid2                                  |                                                          |              122 |            522 |         4.28 |
|  CLK_IBUF_BUFG                | raymarcher/ss/msdi_3/tp/tp/act1/valid_1_repN_7               |                                                          |              150 |            579 |         3.86 |
|  CLK_IBUF_BUFG                | raymarcher/ss/msdi_2/tp/tp/act1/valid_1_repN_5               |                                                          |              179 |            672 |         3.75 |
|  CLK_IBUF_BUFG                | raymarcher/ss/msdi_1/tp/tp/act2/out_valid_reg_reg[36]_0      |                                                          |              679 |            766 |         1.13 |
|  CLK_IBUF_BUFG                | raymarcher/ss/msdi_3/tp/tp/act2/out_valid_reg_reg[36]_0      |                                                          |              670 |            766 |         1.14 |
|  CLK_IBUF_BUFG                | raymarcher/ss/msdi_4/tp/tp/act2/out_valid_reg_reg[36]_0      |                                                          |              681 |            766 |         1.12 |
|  CLK_IBUF_BUFG                | raymarcher/ss/msdi_2/tp/tp/act2/out_valid_reg_reg[36]_0      |                                                          |              666 |            766 |         1.15 |
|  CLK_IBUF_BUFG                | raymarcher/ss/msdi_4/dr_zr/drzr/approxmult_drzr/val_reg[1]_0 |                                                          |              233 |            802 |         3.44 |
|  CLK_IBUF_BUFG                | raymarcher/ss/msdi_1/dr_zr/drzr/approxmult_drzr/val_reg[1]_0 |                                                          |              245 |            802 |         3.27 |
|  CLK_IBUF_BUFG                | raymarcher/ss/msdi_3/dr_zr/drzr/approxmult_drzr/val_reg[1]_0 |                                                          |              247 |            802 |         3.25 |
|  CLK_IBUF_BUFG                | raymarcher/ss/msdi_2/dr_zr/drzr/approxmult_drzr/val_reg[1]_0 |                                                          |              238 |            802 |         3.37 |
|  CLK_IBUF_BUFG                | raymarcher/ss/msdi_4/tc/tc/sc2/out_valid_reg_reg[41]_0       |                                                          |              589 |            890 |         1.51 |
|  CLK_IBUF_BUFG                | raymarcher/ss/msdi_3/tc/tc/sc2/out_valid_reg_reg[41]_0       |                                                          |              644 |            890 |         1.38 |
|  CLK_IBUF_BUFG                | raymarcher/ss/msdi_1/tc/tc/sc2/out_valid_reg_reg[41]_0       |                                                          |              645 |            890 |         1.38 |
|  CLK_IBUF_BUFG                | raymarcher/ss/msdi_2/tc/tc/sc2/out_valid_reg_reg[41]_0       |                                                          |              658 |            890 |         1.35 |
|  CLK_IBUF_BUFG                | raymarcher/ss/ld/approxmult_dst3/val_reg[1]_0                |                                                          |              461 |            955 |         2.07 |
|  CLK_IBUF_BUFG                | raymarcher/ss/msdi_1/tc/tc/sc1/valid1_0                      |                                                          |             1285 |           5071 |         3.95 |
|  CLK_IBUF_BUFG                | raymarcher/ss/msdi_4/tc/tc/sc1/valid1                        |                                                          |             1298 |           5071 |         3.91 |
|  CLK_IBUF_BUFG                | raymarcher/ss/msdi_2/tc/tc/sc1/valid1_0                      |                                                          |             1303 |           5071 |         3.89 |
|  CLK_IBUF_BUFG                | raymarcher/ss/msdi_3/tc/tc/sc1/valid1_0                      |                                                          |             1287 |           5071 |         3.94 |
|  CLK_IBUF_BUFG                | raymarcher/ss/msdi_1/tp/tp/act1/valid_1                      |                                                          |             1321 |           5284 |         4.00 |
|  CLK_IBUF_BUFG                |                                                              |                                                          |            19640 |          81321 |         4.14 |
+-------------------------------+--------------------------------------------------------------+----------------------------------------------------------+------------------+----------------+--------------+


