
*** Running vivado
    with args -log display_demo_dvi.vdi -applog -m64 -product Vivado -messageDb vivado.pb -mode batch -source display_demo_dvi.tcl -notrace



****** Vivado v2022.2 (64-bit)
  **** SW Build 3671981 on Fri Oct 14 05:00:03 MDT 2022
  **** IP Build 3669848 on Fri Oct 14 08:30:02 MDT 2022
    ** Copyright 1986-2022 Xilinx, Inc. All Rights Reserved.

source display_demo_dvi.tcl -notrace
Command: link_design -top display_demo_dvi -part xc7a200tsbg484-1
Design is defaulting to srcset: sources_1
Design is defaulting to constrset: constrs_1
INFO: [Device 21-403] Loading part xc7a200tsbg484-1
INFO: [Project 1-454] Reading design checkpoint 'c:/Users/hausd/Dateien/Xilinx_proj/bsc_mandelbulb2/bsc_mandelbulb2.gen/sources_1/ip/blk_mem_gen_0/blk_mem_gen_0.dcp' for cell 'bth/framebuffer'
INFO: [Project 1-454] Reading design checkpoint 'c:/Users/hausd/Dateien/Xilinx_proj/bsc_mandelbulb2/bsc_mandelbulb2.gen/sources_1/ip/mult_35_35_core_1/mult_35_35_core.dcp' for cell 'raymarcher/ss/msdi_1/dr_zr/drzr/p8/pw2_1'
INFO: [Project 1-454] Reading design checkpoint 'c:/Users/hausd/Dateien/Xilinx_proj/bsc_mandelbulb2/bsc_mandelbulb2.gen/sources_1/ip/mult_35_24_core_1/mult_35_24_core.dcp' for cell 'raymarcher/ss/msdi_1/tc/tc/sc1/times_inv_two_pi'
Netlist sorting complete. Time (s): cpu = 00:00:00 ; elapsed = 00:00:01 . Memory (MB): peak = 1285.109 ; gain = 0.000
INFO: [Netlist 29-17] Analyzing 23398 Unisim elements for replacement
INFO: [Netlist 29-28] Unisim Transformation completed in 0 CPU seconds
INFO: [Project 1-479] Netlist was created with Vivado 2022.2
INFO: [Project 1-570] Preparing netlist for logic optimization
Parsing XDC File [C:/Users/hausd/Dateien/Xilinx_proj/bsc_mandelbulb2/bsc_mandelbulb2.srcs/constrs_1/imports/Downloads/Nexys-Video-Master.xdc]
Finished Parsing XDC File [C:/Users/hausd/Dateien/Xilinx_proj/bsc_mandelbulb2/bsc_mandelbulb2.srcs/constrs_1/imports/Downloads/Nexys-Video-Master.xdc]
INFO: [Opt 31-138] Pushed 0 inverter(s) to 0 load pin(s).
Netlist sorting complete. Time (s): cpu = 00:00:00 ; elapsed = 00:00:00.028 . Memory (MB): peak = 1535.406 ; gain = 0.000
INFO: [Project 1-111] Unisim Transformation Summary:
No Unisim elements were transformed.

10 Infos, 0 Warnings, 0 Critical Warnings and 0 Errors encountered.
link_design completed successfully
link_design: Time (s): cpu = 00:00:06 ; elapsed = 00:00:26 . Memory (MB): peak = 1535.406 ; gain = 1071.066
Command: opt_design
Attempting to get a license for feature 'Implementation' and/or device 'xc7a200t'
INFO: [Common 17-349] Got license for feature 'Implementation' and/or device 'xc7a200t'
Running DRC as a precondition to command opt_design

Starting DRC Task
INFO: [DRC 23-27] Running DRC with 2 threads
INFO: [Project 1-461] DRC finished with 0 Errors, 1 Warnings
INFO: [Project 1-462] Please refer to the DRC report (report_drc) for more information.

Time (s): cpu = 00:00:01 ; elapsed = 00:00:01 . Memory (MB): peak = 1546.844 ; gain = 11.438

Starting Cache Timing Information Task
INFO: [Timing 38-35] Done setting XDC timing constraints.
INFO: [Timing 38-2] Deriving generated clocks
Ending Cache Timing Information Task | Checksum: 1db2008c4

Time (s): cpu = 00:00:06 ; elapsed = 00:00:13 . Memory (MB): peak = 2432.684 ; gain = 885.840

Starting Logic Optimization Task

Phase 1 Retarget
INFO: [Opt 31-1287] Pulled Inverter raymarcher/msg[epsilon][64]_i_1 into driver instance raymarcher/msg[epsilon][53]_i_2, which resulted in an inversion of 55 pins
INFO: [Opt 31-138] Pushed 1 inverter(s) to 1 load pin(s).
INFO: [Opt 31-49] Retargeted 0 cell(s).
Phase 1 Retarget | Checksum: 20fd31506

Time (s): cpu = 00:00:02 ; elapsed = 00:00:06 . Memory (MB): peak = 2795.320 ; gain = 0.000
INFO: [Opt 31-389] Phase Retarget created 3715 cells and removed 3717 cells
INFO: [Opt 31-1021] In phase Retarget, 1 netlist objects are constrained preventing optimization. Please run opt_design with -debug_log to get more detail. 

Phase 2 Constant propagation
INFO: [Opt 31-138] Pushed 0 inverter(s) to 0 load pin(s).
Phase 2 Constant propagation | Checksum: 1e3d20f77

Time (s): cpu = 00:00:03 ; elapsed = 00:00:07 . Memory (MB): peak = 2795.320 ; gain = 0.000
INFO: [Opt 31-389] Phase Constant propagation created 1 cells and removed 5 cells

Phase 3 Sweep
Phase 3 Sweep | Checksum: 1e4396a7b

Time (s): cpu = 00:00:03 ; elapsed = 00:00:10 . Memory (MB): peak = 2795.320 ; gain = 0.000
INFO: [Opt 31-389] Phase Sweep created 0 cells and removed 1130 cells

Phase 4 BUFG optimization
Phase 4 BUFG optimization | Checksum: 1e4396a7b

Time (s): cpu = 00:00:04 ; elapsed = 00:00:11 . Memory (MB): peak = 2795.320 ; gain = 0.000
INFO: [Opt 31-662] Phase BUFG optimization created 0 cells of which 0 are BUFGs and removed 0 cells.

Phase 5 Shift Register Optimization
INFO: [Opt 31-1064] SRL Remap converted 0 SRLs to 0 registers and converted 0 registers of register chains to 0 SRLs
Phase 5 Shift Register Optimization | Checksum: 1a9857588

Time (s): cpu = 00:00:05 ; elapsed = 00:00:12 . Memory (MB): peak = 2795.320 ; gain = 0.000
INFO: [Opt 31-389] Phase Shift Register Optimization created 38 cells and removed 0 cells

Phase 6 Post Processing Netlist
Phase 6 Post Processing Netlist | Checksum: 1a9857588

Time (s): cpu = 00:00:05 ; elapsed = 00:00:13 . Memory (MB): peak = 2795.320 ; gain = 0.000
INFO: [Opt 31-389] Phase Post Processing Netlist created 0 cells and removed 0 cells
Opt_design Change Summary
=========================


-------------------------------------------------------------------------------------------------------------------------
|  Phase                        |  #Cells created  |  #Cells Removed  |  #Constrained objects preventing optimizations  |
-------------------------------------------------------------------------------------------------------------------------
|  Retarget                     |            3715  |            3717  |                                              1  |
|  Constant propagation         |               1  |               5  |                                              0  |
|  Sweep                        |               0  |            1130  |                                              0  |
|  BUFG optimization            |               0  |               0  |                                              0  |
|  Shift Register Optimization  |              38  |               0  |                                              0  |
|  Post Processing Netlist      |               0  |               0  |                                              0  |
-------------------------------------------------------------------------------------------------------------------------



Starting Connectivity Check Task

Time (s): cpu = 00:00:00 ; elapsed = 00:00:00.201 . Memory (MB): peak = 2795.320 ; gain = 0.000
Ending Logic Optimization Task | Checksum: 1380f2223

Time (s): cpu = 00:00:06 ; elapsed = 00:00:21 . Memory (MB): peak = 2795.320 ; gain = 0.000

Starting Power Optimization Task
INFO: [Pwropt 34-132] Skipping clock gating for clocks with a period < 2.00 ns.
INFO: [Pwropt 34-9] Applying IDT optimizations ...
INFO: [Pwropt 34-10] Applying ODC optimizations ...
INFO: [Timing 38-35] Done setting XDC timing constraints.
Running Vector-less Activity Propagation...

Finished Running Vector-less Activity Propagation


Starting PowerOpt Patch Enables Task
INFO: [Pwropt 34-162] WRITE_MODE attribute of 80 BRAM(s) out of a total of 155 has been updated to save power. Run report_power_opt to get a complete listing of the BRAMs updated.
INFO: [Pwropt 34-201] Structural ODC has moved 0 WE to EN ports
Number of BRAM Ports augmented: 80 newly gated: 160 Total Ports: 310
Ending PowerOpt Patch Enables Task | Checksum: 1c071d08d

Time (s): cpu = 00:00:01 ; elapsed = 00:00:01 . Memory (MB): peak = 4034.668 ; gain = 0.000
Ending Power Optimization Task | Checksum: 1c071d08d

Time (s): cpu = 00:00:20 ; elapsed = 00:00:22 . Memory (MB): peak = 4034.668 ; gain = 1239.348

Starting Final Cleanup Task

Starting Logic Optimization Task
INFO: [Timing 38-35] Done setting XDC timing constraints.
Ending Logic Optimization Task | Checksum: 24a3bf2e2

Time (s): cpu = 00:00:04 ; elapsed = 00:00:11 . Memory (MB): peak = 4034.668 ; gain = 0.000
Ending Final Cleanup Task | Checksum: 24a3bf2e2

Time (s): cpu = 00:00:05 ; elapsed = 00:00:13 . Memory (MB): peak = 4034.668 ; gain = 0.000

Starting Netlist Obfuscation Task
Netlist sorting complete. Time (s): cpu = 00:00:00 ; elapsed = 00:00:00.030 . Memory (MB): peak = 4034.668 ; gain = 0.000
Ending Netlist Obfuscation Task | Checksum: 24a3bf2e2

Time (s): cpu = 00:00:00 ; elapsed = 00:00:00.053 . Memory (MB): peak = 4034.668 ; gain = 0.000
INFO: [Common 17-83] Releasing license: Implementation
36 Infos, 0 Warnings, 0 Critical Warnings and 0 Errors encountered.
opt_design completed successfully
opt_design: Time (s): cpu = 00:00:39 ; elapsed = 00:01:12 . Memory (MB): peak = 4034.668 ; gain = 2499.262
INFO: [Timing 38-480] Writing timing data to binary archive.
Writing XDEF routing.
Writing XDEF routing logical nets.
Writing XDEF routing special nets.
Write XDEF Complete: Time (s): cpu = 00:00:00 ; elapsed = 00:00:00.021 . Memory (MB): peak = 4034.668 ; gain = 0.000
INFO: [Common 17-1381] The checkpoint 'C:/Users/hausd/Dateien/Xilinx_proj/bsc_mandelbulb2/bsc_mandelbulb2.runs/impl_1/display_demo_dvi_opt.dcp' has been generated.
write_checkpoint: Time (s): cpu = 00:00:06 ; elapsed = 00:00:13 . Memory (MB): peak = 4034.668 ; gain = 0.000
INFO: [runtcl-4] Executing : report_drc -file display_demo_dvi_drc_opted.rpt -pb display_demo_dvi_drc_opted.pb -rpx display_demo_dvi_drc_opted.rpx
Command: report_drc -file display_demo_dvi_drc_opted.rpt -pb display_demo_dvi_drc_opted.pb -rpx display_demo_dvi_drc_opted.rpx
INFO: [IP_Flow 19-1839] IP Catalog is up to date.
INFO: [DRC 23-27] Running DRC with 2 threads
INFO: [Vivado_Tcl 2-168] The results of DRC are in file C:/Users/hausd/Dateien/Xilinx_proj/bsc_mandelbulb2/bsc_mandelbulb2.runs/impl_1/display_demo_dvi_drc_opted.rpt.
report_drc completed successfully
Command: place_design
Attempting to get a license for feature 'Implementation' and/or device 'xc7a200t'
INFO: [Common 17-349] Got license for feature 'Implementation' and/or device 'xc7a200t'
INFO: [DRC 23-27] Running DRC with 2 threads
INFO: [Vivado_Tcl 4-198] DRC finished with 0 Errors
INFO: [Vivado_Tcl 4-199] Please refer to the DRC report (report_drc) for more information.
Running DRC as a precondition to command place_design
INFO: [DRC 23-27] Running DRC with 2 threads
INFO: [Vivado_Tcl 4-198] DRC finished with 0 Errors, 1 Warnings
INFO: [Vivado_Tcl 4-199] Please refer to the DRC report (report_drc) for more information.

Starting Placer Task
INFO: [Place 30-611] Multithreading enabled for place_design using a maximum of 2 CPUs

Phase 1 Placer Initialization

Phase 1.1 Placer Initialization Netlist Sorting
Netlist sorting complete. Time (s): cpu = 00:00:00 ; elapsed = 00:00:00.029 . Memory (MB): peak = 4034.668 ; gain = 0.000
Phase 1.1 Placer Initialization Netlist Sorting | Checksum: 18348e7c2

Time (s): cpu = 00:00:00 ; elapsed = 00:00:00.061 . Memory (MB): peak = 4034.668 ; gain = 0.000
Netlist sorting complete. Time (s): cpu = 00:00:00 ; elapsed = 00:00:00.029 . Memory (MB): peak = 4034.668 ; gain = 0.000

Phase 1.2 IO Placement/ Clock Placement/ Build Placer Device
INFO: [Timing 38-35] Done setting XDC timing constraints.
Phase 1.2 IO Placement/ Clock Placement/ Build Placer Device | Checksum: 183b4e87c

Time (s): cpu = 00:00:08 ; elapsed = 00:00:14 . Memory (MB): peak = 4034.668 ; gain = 0.000

Phase 1.3 Build Placer Netlist Model
Phase 1.3 Build Placer Netlist Model | Checksum: 271a57cb4

Time (s): cpu = 00:00:14 ; elapsed = 00:00:38 . Memory (MB): peak = 4034.668 ; gain = 0.000

Phase 1.4 Constrain Clocks/Macros
Phase 1.4 Constrain Clocks/Macros | Checksum: 271a57cb4

Time (s): cpu = 00:00:14 ; elapsed = 00:00:39 . Memory (MB): peak = 4034.668 ; gain = 0.000
Phase 1 Placer Initialization | Checksum: 271a57cb4

Time (s): cpu = 00:00:14 ; elapsed = 00:00:39 . Memory (MB): peak = 4034.668 ; gain = 0.000

Phase 2 Global Placement

Phase 2.1 Floorplanning
Phase 2.1 Floorplanning | Checksum: 2226513b4

Time (s): cpu = 00:00:15 ; elapsed = 00:00:48 . Memory (MB): peak = 4034.668 ; gain = 0.000

Phase 2.2 Update Timing before SLR Path Opt
Phase 2.2 Update Timing before SLR Path Opt | Checksum: 1c5a1b069

Time (s): cpu = 00:00:16 ; elapsed = 00:00:57 . Memory (MB): peak = 4034.668 ; gain = 0.000

Phase 2.3 Post-Processing in Floorplanning
Phase 2.3 Post-Processing in Floorplanning | Checksum: 1c5a1b069

Time (s): cpu = 00:00:16 ; elapsed = 00:00:57 . Memory (MB): peak = 4034.668 ; gain = 0.000

Phase 2.4 Global Placement Core

Phase 2.4.1 UpdateTiming Before Physical Synthesis
Phase 2.4.1 UpdateTiming Before Physical Synthesis | Checksum: 24d71f801

Time (s): cpu = 00:00:48 ; elapsed = 00:01:52 . Memory (MB): peak = 4034.668 ; gain = 0.000

Phase 2.4.2 Physical Synthesis In Placer
INFO: [Physopt 32-1035] Found 1 LUTNM shape to break, 293 LUT instances to create LUTNM shape
INFO: [Physopt 32-1044] Break lutnm for timing: one critical 1, two critical 0, total 1, new lutff created 0
INFO: [Physopt 32-1138] End 1 Pass. Optimized 110 nets or LUTs. Breaked 1 LUT, combined 109 existing LUTs and moved 0 existing LUT
INFO: [Physopt 32-76] Pass 1. Identified 2 candidate nets for fanout optimization.
INFO: [Physopt 32-81] Processed net raymarcher/ss/msdi_2/tp/tp/act1/valid_1. Replicated 38 times.
INFO: [Physopt 32-81] Processed net raymarcher/ss/msdi_4/tp/tp/act1/valid_1. Replicated 34 times.
INFO: [Physopt 32-232] Optimized 2 nets. Created 72 new instances.
INFO: [Physopt 32-775] End 1 Pass. Optimized 2 nets or cells. Created 72 new cells, deleted 0 existing cell and moved 0 existing cell
Netlist sorting complete. Time (s): cpu = 00:00:00 ; elapsed = 00:00:00.219 . Memory (MB): peak = 4034.668 ; gain = 0.000
INFO: [Physopt 32-457] Pass 1. Identified 3 candidate cells for DSP register optimization.
INFO: [Physopt 32-665] Processed cell raymarcher/ss/ld/approxmult_dst1/fm/M_reg[0]. 17 registers were pushed out.
INFO: [Physopt 32-665] Processed cell raymarcher/ss/ld/approxmult_dst1/fm/M_reg[2]. 17 registers were pushed out.
INFO: [Physopt 32-665] Processed cell raymarcher/ss/ld/approxmult_dst1/fm/M_reg[2]. 14 registers were pushed out.
INFO: [Physopt 32-775] End 2 Pass. Optimized 3 nets or cells. Created 48 new cells, deleted 0 existing cell and moved 0 existing cell
Netlist sorting complete. Time (s): cpu = 00:00:00 ; elapsed = 00:00:00.112 . Memory (MB): peak = 4034.668 ; gain = 0.000
INFO: [Physopt 32-1123] No candidate cells found for Shift Register to Pipeline optimization
INFO: [Physopt 32-775] End 2 Pass. Optimized 0 net or cell. Created 0 new cell, deleted 0 existing cell and moved 0 existing cell
INFO: [Physopt 32-775] End 1 Pass. Optimized 2 nets or cells. Created 2 new cells, deleted 0 existing cell and moved 0 existing cell
Netlist sorting complete. Time (s): cpu = 00:00:00 ; elapsed = 00:00:00.102 . Memory (MB): peak = 4034.668 ; gain = 0.000
INFO: [Physopt 32-526] No candidate cells for BRAM register optimization found in the design
INFO: [Physopt 32-775] End 1 Pass. Optimized 0 net or cell. Created 0 new cell, deleted 0 existing cell and moved 0 existing cell
INFO: [Physopt 32-846] No candidate cells for URAM register optimization found in the design
INFO: [Physopt 32-775] End 2 Pass. Optimized 0 net or cell. Created 0 new cell, deleted 0 existing cell and moved 0 existing cell
INFO: [Physopt 32-949] No candidate nets found for dynamic/static region interface net replication
INFO: [Physopt 32-775] End 1 Pass. Optimized 0 net or cell. Created 0 new cell, deleted 0 existing cell and moved 0 existing cell
Netlist sorting complete. Time (s): cpu = 00:00:00 ; elapsed = 00:00:00.028 . Memory (MB): peak = 4034.668 ; gain = 0.000

Summary of Physical Synthesis Optimizations
============================================


-----------------------------------------------------------------------------------------------------------------------------------------------------------
|  Optimization                                     |  Added Cells  |  Removed Cells  |  Optimized Cells/Nets  |  Dont Touch  |  Iterations  |  Elapsed   |
-----------------------------------------------------------------------------------------------------------------------------------------------------------
|  LUT Combining                                    |            1  |            109  |                   110  |           0  |           1  |  00:00:00  |
|  Retime                                           |            0  |              0  |                     0  |           0  |           1  |  00:00:00  |
|  Very High Fanout                                 |           72  |              0  |                     2  |           0  |           1  |  00:00:03  |
|  DSP Register                                     |           48  |              0  |                     3  |           0  |           1  |  00:00:00  |
|  Shift Register to Pipeline                       |            0  |              0  |                     0  |           0  |           1  |  00:00:00  |
|  Shift Register                                   |            2  |              0  |                     2  |           0  |           1  |  00:00:00  |
|  BRAM Register                                    |            0  |              0  |                     0  |           0  |           1  |  00:00:00  |
|  URAM Register                                    |            0  |              0  |                     0  |           0  |           1  |  00:00:00  |
|  Dynamic/Static Region Interface Net Replication  |            0  |              0  |                     0  |           0  |           1  |  00:00:00  |
|  Total                                            |          123  |            109  |                   117  |           0  |           9  |  00:00:04  |
-----------------------------------------------------------------------------------------------------------------------------------------------------------


Phase 2.4.2 Physical Synthesis In Placer | Checksum: 226d798a9

Time (s): cpu = 00:00:50 ; elapsed = 00:02:04 . Memory (MB): peak = 4034.668 ; gain = 0.000
Phase 2.4 Global Placement Core | Checksum: 245871c76

Time (s): cpu = 00:00:54 ; elapsed = 00:02:10 . Memory (MB): peak = 4034.668 ; gain = 0.000
Phase 2 Global Placement | Checksum: 245871c76

Time (s): cpu = 00:00:54 ; elapsed = 00:02:10 . Memory (MB): peak = 4034.668 ; gain = 0.000

Phase 3 Detail Placement

Phase 3.1 Commit Multi Column Macros
Phase 3.1 Commit Multi Column Macros | Checksum: 22776ffa5

Time (s): cpu = 00:00:56 ; elapsed = 00:02:19 . Memory (MB): peak = 4034.668 ; gain = 0.000

Phase 3.2 Commit Most Macros & LUTRAMs
Phase 3.2 Commit Most Macros & LUTRAMs | Checksum: 1a97a1aa7

Time (s): cpu = 00:01:55 ; elapsed = 00:05:53 . Memory (MB): peak = 4034.668 ; gain = 0.000

Phase 3.3 Area Swap Optimization
Phase 3.3 Area Swap Optimization | Checksum: 27d60a7c8

Time (s): cpu = 00:01:55 ; elapsed = 00:05:54 . Memory (MB): peak = 4034.668 ; gain = 0.000

Phase 3.4 Pipeline Register Optimization
Phase 3.4 Pipeline Register Optimization | Checksum: 1904b6b37

Time (s): cpu = 00:01:56 ; elapsed = 00:05:55 . Memory (MB): peak = 4034.668 ; gain = 0.000

Phase 3.5 Fast Optimization
Phase 3.5 Fast Optimization | Checksum: 1ddb02c3e

Time (s): cpu = 00:02:06 ; elapsed = 00:06:08 . Memory (MB): peak = 4034.668 ; gain = 0.000

Phase 3.6 Small Shape Detail Placement
Phase 3.6 Small Shape Detail Placement | Checksum: 1d0fa48db

Time (s): cpu = 00:02:09 ; elapsed = 00:06:18 . Memory (MB): peak = 4034.668 ; gain = 0.000

Phase 3.7 Re-assign LUT pins
Phase 3.7 Re-assign LUT pins | Checksum: 1affa8e3c

Time (s): cpu = 00:02:10 ; elapsed = 00:06:24 . Memory (MB): peak = 4034.668 ; gain = 0.000

Phase 3.8 Pipeline Register Optimization
Phase 3.8 Pipeline Register Optimization | Checksum: 1da7aea0e

Time (s): cpu = 00:02:10 ; elapsed = 00:06:24 . Memory (MB): peak = 4034.668 ; gain = 0.000

Phase 3.9 Fast Optimization
Phase 3.9 Fast Optimization | Checksum: 11fbefab4

Time (s): cpu = 00:02:19 ; elapsed = 00:06:39 . Memory (MB): peak = 4034.668 ; gain = 0.000
Phase 3 Detail Placement | Checksum: 11fbefab4

Time (s): cpu = 00:02:20 ; elapsed = 00:06:40 . Memory (MB): peak = 4034.668 ; gain = 0.000

Phase 4 Post Placement Optimization and Clean-Up

Phase 4.1 Post Commit Optimization
INFO: [Timing 38-35] Done setting XDC timing constraints.

Phase 4.1.1 Post Placement Optimization
Post Placement Optimization Initialization | Checksum: 14a3a168b

Phase 4.1.1.1 BUFG Insertion

Starting Physical Synthesis Task

Phase 1 Physical Synthesis Initialization
INFO: [Physopt 32-721] Multithreading enabled for phys_opt_design using a maximum of 2 CPUs
INFO: [Physopt 32-619] Estimated Timing Summary | WNS=-1.375 | TNS=-41.734 |
Phase 1 Physical Synthesis Initialization | Checksum: f699e100

Time (s): cpu = 00:00:01 ; elapsed = 00:00:04 . Memory (MB): peak = 4034.668 ; gain = 0.000
INFO: [Place 46-33] Processed net raymarcher/ss/msdi_1/tp/tp/act1/valid_1, BUFG insertion was skipped due to placement/routing conflicts.
INFO: [Place 46-33] Processed net raymarcher/ss/msdi_3/tp/tp/act1/valid_1, BUFG insertion was skipped due to placement/routing conflicts.
INFO: [Place 46-33] Processed net raymarcher/ss/msdi_1/tc/tc/sc1/valid1_0, BUFG insertion was skipped due to placement/routing conflicts.
INFO: [Place 46-33] Processed net raymarcher/ss/msdi_2/tc/tc/sc1/valid1_0, BUFG insertion was skipped due to placement/routing conflicts.
INFO: [Place 46-33] Processed net raymarcher/ss/msdi_3/tc/tc/sc1/valid1_0, BUFG insertion was skipped due to placement/routing conflicts.
INFO: [Place 46-33] Processed net raymarcher/ss/msdi_4/tc/tc/sc1/valid1, BUFG insertion was skipped due to placement/routing conflicts.
INFO: [Place 46-56] BUFG insertion identified 6 candidate nets. Inserted BUFG: 0, Replicated BUFG Driver: 0, Skipped due to Placement/Routing Conflicts: 6, Skipped due to Timing Degradation: 0, Skipped due to Illegal Netlist: 0.
Ending Physical Synthesis Task | Checksum: 7752ea4c

Time (s): cpu = 00:00:02 ; elapsed = 00:00:07 . Memory (MB): peak = 4034.668 ; gain = 0.000
Phase 4.1.1.1 BUFG Insertion | Checksum: 14a3a168b

Time (s): cpu = 00:02:27 ; elapsed = 00:07:11 . Memory (MB): peak = 4034.668 ; gain = 0.000

Phase 4.1.1.2 Post Placement Timing Optimization
INFO: [Place 30-746] Post Placement Timing Summary WNS=-0.650. For the most accurate timing information please run report_timing.
Phase 4.1.1.2 Post Placement Timing Optimization | Checksum: dc51bdf0

Time (s): cpu = 00:02:43 ; elapsed = 00:07:40 . Memory (MB): peak = 4034.668 ; gain = 0.000

Time (s): cpu = 00:02:43 ; elapsed = 00:07:40 . Memory (MB): peak = 4034.668 ; gain = 0.000
Phase 4.1 Post Commit Optimization | Checksum: dc51bdf0

Time (s): cpu = 00:02:43 ; elapsed = 00:07:40 . Memory (MB): peak = 4034.668 ; gain = 0.000

Phase 4.2 Post Placement Cleanup
Phase 4.2 Post Placement Cleanup | Checksum: dc51bdf0

Time (s): cpu = 00:02:43 ; elapsed = 00:07:41 . Memory (MB): peak = 4034.668 ; gain = 0.000

Phase 4.3 Placer Reporting

Phase 4.3.1 Print Estimated Congestion
INFO: [Place 30-612] Post-Placement Estimated Congestion 
 ____________________________________________________
|           | Global Congestion | Short Congestion  |
| Direction | Region Size       | Region Size       |
|___________|___________________|___________________|
|      North|                4x4|                8x8|
|___________|___________________|___________________|
|      South|                4x4|                8x8|
|___________|___________________|___________________|
|       East|                8x8|                8x8|
|___________|___________________|___________________|
|       West|                8x8|                4x4|
|___________|___________________|___________________|

Phase 4.3.1 Print Estimated Congestion | Checksum: dc51bdf0

Time (s): cpu = 00:02:44 ; elapsed = 00:07:42 . Memory (MB): peak = 4034.668 ; gain = 0.000
Phase 4.3 Placer Reporting | Checksum: dc51bdf0

Time (s): cpu = 00:02:44 ; elapsed = 00:07:42 . Memory (MB): peak = 4034.668 ; gain = 0.000

Phase 4.4 Final Placement Cleanup
Netlist sorting complete. Time (s): cpu = 00:00:00 ; elapsed = 00:00:00.075 . Memory (MB): peak = 4034.668 ; gain = 0.000

Time (s): cpu = 00:02:44 ; elapsed = 00:07:43 . Memory (MB): peak = 4034.668 ; gain = 0.000
Phase 4 Post Placement Optimization and Clean-Up | Checksum: 156914325

Time (s): cpu = 00:02:44 ; elapsed = 00:07:43 . Memory (MB): peak = 4034.668 ; gain = 0.000
Ending Placer Task | Checksum: 124d332e6

Time (s): cpu = 00:02:45 ; elapsed = 00:07:44 . Memory (MB): peak = 4034.668 ; gain = 0.000
INFO: [Common 17-83] Releasing license: Implementation
86 Infos, 0 Warnings, 0 Critical Warnings and 0 Errors encountered.
place_design completed successfully
place_design: Time (s): cpu = 00:02:46 ; elapsed = 00:07:47 . Memory (MB): peak = 4034.668 ; gain = 0.000
INFO: [Timing 38-480] Writing timing data to binary archive.
Writing XDEF routing.
Writing XDEF routing logical nets.
Writing XDEF routing special nets.
Write XDEF Complete: Time (s): cpu = 00:00:09 ; elapsed = 00:00:11 . Memory (MB): peak = 4034.668 ; gain = 0.000
report_design_analysis: Time (s): cpu = 00:00:01 ; elapsed = 00:00:09 . Memory (MB): peak = 4034.668 ; gain = 0.000
INFO: [Common 17-1381] The checkpoint 'C:/Users/hausd/Dateien/Xilinx_proj/bsc_mandelbulb2/bsc_mandelbulb2.runs/impl_1/display_demo_dvi_placed.dcp' has been generated.
write_checkpoint: Time (s): cpu = 00:00:10 ; elapsed = 00:00:25 . Memory (MB): peak = 4034.668 ; gain = 0.000
INFO: [runtcl-4] Executing : report_io -file display_demo_dvi_io_placed.rpt
report_io: Time (s): cpu = 00:00:00 ; elapsed = 00:00:00.044 . Memory (MB): peak = 4034.668 ; gain = 0.000
INFO: [runtcl-4] Executing : report_utilization -file display_demo_dvi_utilization_placed.rpt -pb display_demo_dvi_utilization_placed.pb
INFO: [runtcl-4] Executing : report_control_sets -verbose -file display_demo_dvi_control_sets_placed.rpt
report_control_sets: Time (s): cpu = 00:00:00 ; elapsed = 00:00:00.356 . Memory (MB): peak = 4034.668 ; gain = 0.000
Command: phys_opt_design
Attempting to get a license for feature 'Implementation' and/or device 'xc7a200t'
INFO: [Common 17-349] Got license for feature 'Implementation' and/or device 'xc7a200t'

Starting Initial Update Timing Task

Time (s): cpu = 00:00:12 ; elapsed = 00:00:14 . Memory (MB): peak = 4034.668 ; gain = 0.000
INFO: [Vivado_Tcl 4-1435] PhysOpt_Tcl_Interface Runtime Before Starting Physical Synthesis Task | CPU: 14.00s |  WALL: 15.03s
Netlist sorting complete. Time (s): cpu = 00:00:00 ; elapsed = 00:00:00.029 . Memory (MB): peak = 4034.668 ; gain = 0.000

Starting Physical Synthesis Task

Phase 1 Physical Synthesis Initialization
INFO: [Physopt 32-721] Multithreading enabled for phys_opt_design using a maximum of 2 CPUs
INFO: [Physopt 32-619] Estimated Timing Summary | WNS=-0.650 | TNS=-8.317 |
Phase 1 Physical Synthesis Initialization | Checksum: 10ec83160

Time (s): cpu = 00:00:06 ; elapsed = 00:00:11 . Memory (MB): peak = 4034.668 ; gain = 0.000
INFO: [Physopt 32-619] Estimated Timing Summary | WNS=-0.650 | TNS=-8.317 |

Phase 2 DSP Register Optimization
INFO: [Physopt 32-456] No candidate cells for DSP register optimization found in the design.
INFO: [Physopt 32-775] End 2 Pass. Optimized 0 net or cell. Created 0 new cell, deleted 0 existing cell and moved 0 existing cell
Phase 2 DSP Register Optimization | Checksum: 10ec83160

Time (s): cpu = 00:00:06 ; elapsed = 00:00:13 . Memory (MB): peak = 4034.668 ; gain = 0.000

Phase 3 Critical Path Optimization
INFO: [Physopt 32-619] Estimated Timing Summary | WNS=-0.650 | TNS=-8.317 |
INFO: [Physopt 32-702] Processed net raymarcher/ss/ld/lg2/y_reg[9]_623[45]. Optimizations did not improve timing on the net.
INFO: [Physopt 32-663] Processed net raymarcher/ss/ld/lg2/x_reg[8]_597[5].  Re-placed instance raymarcher/ss/ld/lg2/x_reg[8][5]
INFO: [Physopt 32-735] Processed net raymarcher/ss/ld/lg2/x_reg[8]_597[5]. Optimization improves timing on the net.
INFO: [Physopt 32-619] Estimated Timing Summary | WNS=-0.638 | TNS=-8.041 |
INFO: [Physopt 32-663] Processed net raymarcher/ss/ld/lg2/x_reg[8]_597[13].  Re-placed instance raymarcher/ss/ld/lg2/x_reg[8][13]
INFO: [Physopt 32-735] Processed net raymarcher/ss/ld/lg2/x_reg[8]_597[13]. Optimization improves timing on the net.
INFO: [Physopt 32-619] Estimated Timing Summary | WNS=-0.632 | TNS=-7.903 |
INFO: [Physopt 32-663] Processed net raymarcher/ss/ld/lg2/x_reg[8]_597[9].  Re-placed instance raymarcher/ss/ld/lg2/x_reg[8][9]
INFO: [Physopt 32-735] Processed net raymarcher/ss/ld/lg2/x_reg[8]_597[9]. Optimization improves timing on the net.
INFO: [Physopt 32-619] Estimated Timing Summary | WNS=-0.599 | TNS=-7.144 |
INFO: [Physopt 32-663] Processed net raymarcher/ss/ld/lg2/x_reg[8]_597[17].  Re-placed instance raymarcher/ss/ld/lg2/x_reg[8][17]
INFO: [Physopt 32-735] Processed net raymarcher/ss/ld/lg2/x_reg[8]_597[17]. Optimization improves timing on the net.
INFO: [Physopt 32-619] Estimated Timing Summary | WNS=-0.575 | TNS=-6.607 |
INFO: [Physopt 32-663] Processed net raymarcher/ss/ld/lg2/x_reg[8]_597[4].  Re-placed instance raymarcher/ss/ld/lg2/x_reg[8][4]
INFO: [Physopt 32-735] Processed net raymarcher/ss/ld/lg2/x_reg[8]_597[4]. Optimization improves timing on the net.
INFO: [Physopt 32-619] Estimated Timing Summary | WNS=-0.555 | TNS=-6.192 |
INFO: [Physopt 32-663] Processed net raymarcher/ss/ld/lg2/x_reg[8]_597[8].  Re-placed instance raymarcher/ss/ld/lg2/x_reg[8][8]
INFO: [Physopt 32-735] Processed net raymarcher/ss/ld/lg2/x_reg[8]_597[8]. Optimization improves timing on the net.
INFO: [Physopt 32-619] Estimated Timing Summary | WNS=-0.544 | TNS=-5.978 |
INFO: [Physopt 32-81] Processed net raymarcher/ss/ld/lg2/x_reg[8]_597[8]. Replicated 1 times.
INFO: [Physopt 32-735] Processed net raymarcher/ss/ld/lg2/x_reg[8]_597[8]. Optimization improves timing on the net.
INFO: [Physopt 32-619] Estimated Timing Summary | WNS=-0.533 | TNS=-5.769 |
INFO: [Physopt 32-702] Processed net raymarcher/ss/ld/lg2/x_reg[8]_597[13]. Optimizations did not improve timing on the net.
INFO: [Physopt 32-702] Processed net raymarcher/ss/ld/lg2/y_reg[9][40]_i_1_n_0. Optimizations did not improve timing on the net.
INFO: [Physopt 32-702] Processed net raymarcher/ss/ld/lg2/y_reg[9][36]_i_1_n_0. Optimizations did not improve timing on the net.
INFO: [Physopt 32-702] Processed net raymarcher/ss/ld/lg2/y_reg[9][32]_i_1_n_0. Optimizations did not improve timing on the net.
INFO: [Physopt 32-702] Processed net raymarcher/ss/ld/lg2/y_reg[9][28]_i_1_n_0. Optimizations did not improve timing on the net.
INFO: [Physopt 32-702] Processed net raymarcher/ss/ld/lg2/y_reg[9][24]_i_1_n_0. Optimizations did not improve timing on the net.
INFO: [Physopt 32-702] Processed net raymarcher/ss/ld/lg2/y_reg[9][20]_i_1_n_0. Optimizations did not improve timing on the net.
INFO: [Physopt 32-702] Processed net raymarcher/ss/ld/lg2/y_reg[9][16]_i_1_n_0. Optimizations did not improve timing on the net.
INFO: [Physopt 32-702] Processed net raymarcher/ss/ld/lg2/y_reg[9][12]_i_1_n_0. Optimizations did not improve timing on the net.
INFO: [Physopt 32-702] Processed net raymarcher/ss/ld/lg2/y_reg[9][8]_i_1_n_0. Optimizations did not improve timing on the net.
INFO: [Physopt 32-702] Processed net raymarcher/ss/ld/lg2/y_reg[9][4]_i_1_n_0. Optimizations did not improve timing on the net.
INFO: [Physopt 32-702] Processed net raymarcher/ss/ld/lg2/i___451_n_0. Optimizations did not improve timing on the net.
INFO: [Physopt 32-702] Processed net raymarcher/ss/ld/lg2/i___64_i_1_n_2. Optimizations did not improve timing on the net.
INFO: [Physopt 32-702] Processed net raymarcher/ss/ld/lg2/i___64_i_2_n_0. Optimizations did not improve timing on the net.
INFO: [Physopt 32-608] Optimized 1 net.  Swapped 34 pins.
INFO: [Physopt 32-735] Processed net raymarcher/ss/ld/lg2/i___64_i_13_n_0. Optimization improves timing on the net.
INFO: [Physopt 32-619] Estimated Timing Summary | WNS=-0.532 | TNS=-5.750 |
INFO: [Physopt 32-608] Optimized 1 net.  Swapped 34 pins.
INFO: [Physopt 32-735] Processed net raymarcher/ss/ld/lg2/i___64_i_12_n_0. Optimization improves timing on the net.
INFO: [Physopt 32-619] Estimated Timing Summary | WNS=-0.527 | TNS=-5.655 |
INFO: [Physopt 32-608] Optimized 1 net.  Swapped 20 pins.
INFO: [Physopt 32-735] Processed net raymarcher/ss/ld/lg2/i___64_i_5_n_0. Optimization improves timing on the net.
INFO: [Physopt 32-619] Estimated Timing Summary | WNS=-0.449 | TNS=-4.211 |
INFO: [Physopt 32-702] Processed net raymarcher/ss/ld/lg2/i___64_i_12_n_0. Optimizations did not improve timing on the net.
INFO: [Physopt 32-702] Processed net raymarcher/ss/ld/lg2/p_37_out[30]. Optimizations did not improve timing on the net.
INFO: [Physopt 32-702] Processed net raymarcher/ss/ld/lg2/x_reg[9][27]_i_2_n_0. Optimizations did not improve timing on the net.
INFO: [Physopt 32-702] Processed net raymarcher/ss/ld/lg2/x_reg[9][23]_i_2_n_0. Optimizations did not improve timing on the net.
INFO: [Physopt 32-702] Processed net raymarcher/ss/ld/lg2/x_reg[9][19]_i_2_n_0. Optimizations did not improve timing on the net.
INFO: [Physopt 32-702] Processed net raymarcher/ss/ld/lg2/x_reg[9][15]_i_2_n_0. Optimizations did not improve timing on the net.
INFO: [Physopt 32-702] Processed net raymarcher/ss/ld/lg2/x_reg[9][11]_i_2_n_0. Optimizations did not improve timing on the net.
INFO: [Physopt 32-702] Processed net raymarcher/ss/ld/lg2/x_reg[9][7]_i_2_n_0. Optimizations did not improve timing on the net.
INFO: [Physopt 32-702] Processed net raymarcher/ss/ld/lg2/x[9][7]_i_5__15_n_0. Optimizations did not improve timing on the net.
INFO: [Physopt 32-702] Processed net raymarcher/ss/ld/lg2/y_reg[9][45]_i_1_n_7. Optimizations did not improve timing on the net.
INFO: [Physopt 32-702] Processed net CLK_IBUF. Optimizations did not improve timing on the net.
INFO: [Physopt 32-702] Processed net CLK. Optimizations did not improve timing on the net.
INFO: [Physopt 32-702] Processed net raymarcher/ss/ld/lg2/y_reg[9]_623[45]. Optimizations did not improve timing on the net.
INFO: [Physopt 32-702] Processed net raymarcher/ss/ld/lg2/x_reg[8]_597[13]. Optimizations did not improve timing on the net.
INFO: [Physopt 32-702] Processed net raymarcher/ss/ld/lg2/i___451_n_0. Optimizations did not improve timing on the net.
INFO: [Physopt 32-702] Processed net raymarcher/ss/ld/lg2/i___64_i_1_n_2. Optimizations did not improve timing on the net.
INFO: [Physopt 32-702] Processed net raymarcher/ss/ld/lg2/i___64_i_12_n_0. Optimizations did not improve timing on the net.
INFO: [Physopt 32-702] Processed net raymarcher/ss/ld/lg2/p_37_out[30]. Optimizations did not improve timing on the net.
INFO: [Physopt 32-702] Processed net raymarcher/ss/ld/lg2/x[9][7]_i_5__15_n_0. Optimizations did not improve timing on the net.
INFO: [Physopt 32-702] Processed net raymarcher/ss/ld/lg2/y_reg[9][45]_i_1_n_7. Optimizations did not improve timing on the net.
INFO: [Physopt 32-702] Processed net CLK_IBUF. Optimizations did not improve timing on the net.
INFO: [Physopt 32-702] Processed net CLK. Optimizations did not improve timing on the net.
INFO: [Physopt 32-619] Estimated Timing Summary | WNS=-0.449 | TNS=-4.211 |
Phase 3 Critical Path Optimization | Checksum: 10ec83160

Time (s): cpu = 00:00:07 ; elapsed = 00:00:15 . Memory (MB): peak = 4034.668 ; gain = 0.000

Phase 4 Critical Path Optimization
INFO: [Physopt 32-619] Estimated Timing Summary | WNS=-0.449 | TNS=-4.211 |
INFO: [Physopt 32-702] Processed net raymarcher/ss/ld/lg2/y_reg[9]_623[45]. Optimizations did not improve timing on the net.
INFO: [Physopt 32-702] Processed net raymarcher/ss/ld/lg2/x_reg[8]_597[13]. Optimizations did not improve timing on the net.
INFO: [Physopt 32-702] Processed net raymarcher/ss/ld/lg2/y_reg[9][40]_i_1_n_0. Optimizations did not improve timing on the net.
INFO: [Physopt 32-702] Processed net raymarcher/ss/ld/lg2/y_reg[9][36]_i_1_n_0. Optimizations did not improve timing on the net.
INFO: [Physopt 32-702] Processed net raymarcher/ss/ld/lg2/y_reg[9][32]_i_1_n_0. Optimizations did not improve timing on the net.
INFO: [Physopt 32-702] Processed net raymarcher/ss/ld/lg2/y_reg[9][28]_i_1_n_0. Optimizations did not improve timing on the net.
INFO: [Physopt 32-702] Processed net raymarcher/ss/ld/lg2/y_reg[9][24]_i_1_n_0. Optimizations did not improve timing on the net.
INFO: [Physopt 32-702] Processed net raymarcher/ss/ld/lg2/y_reg[9][20]_i_1_n_0. Optimizations did not improve timing on the net.
INFO: [Physopt 32-702] Processed net raymarcher/ss/ld/lg2/y_reg[9][16]_i_1_n_0. Optimizations did not improve timing on the net.
INFO: [Physopt 32-702] Processed net raymarcher/ss/ld/lg2/y_reg[9][12]_i_1_n_0. Optimizations did not improve timing on the net.
INFO: [Physopt 32-702] Processed net raymarcher/ss/ld/lg2/y_reg[9][8]_i_1_n_0. Optimizations did not improve timing on the net.
INFO: [Physopt 32-702] Processed net raymarcher/ss/ld/lg2/y_reg[9][4]_i_1_n_0. Optimizations did not improve timing on the net.
INFO: [Physopt 32-702] Processed net raymarcher/ss/ld/lg2/i___451_n_0. Optimizations did not improve timing on the net.
INFO: [Physopt 32-702] Processed net raymarcher/ss/ld/lg2/i___64_i_1_n_2. Optimizations did not improve timing on the net.
INFO: [Physopt 32-702] Processed net raymarcher/ss/ld/lg2/i___64_i_2_n_0. Optimizations did not improve timing on the net.
INFO: [Physopt 32-702] Processed net raymarcher/ss/ld/lg2/i___64_i_12_n_0. Optimizations did not improve timing on the net.
INFO: [Physopt 32-702] Processed net raymarcher/ss/ld/lg2/p_37_out[30]. Optimizations did not improve timing on the net.
INFO: [Physopt 32-702] Processed net raymarcher/ss/ld/lg2/x_reg[9][27]_i_2_n_0. Optimizations did not improve timing on the net.
INFO: [Physopt 32-702] Processed net raymarcher/ss/ld/lg2/x_reg[9][23]_i_2_n_0. Optimizations did not improve timing on the net.
INFO: [Physopt 32-702] Processed net raymarcher/ss/ld/lg2/x_reg[9][19]_i_2_n_0. Optimizations did not improve timing on the net.
INFO: [Physopt 32-702] Processed net raymarcher/ss/ld/lg2/x_reg[9][15]_i_2_n_0. Optimizations did not improve timing on the net.
INFO: [Physopt 32-702] Processed net raymarcher/ss/ld/lg2/x_reg[9][11]_i_2_n_0. Optimizations did not improve timing on the net.
INFO: [Physopt 32-702] Processed net raymarcher/ss/ld/lg2/x_reg[9][7]_i_2_n_0. Optimizations did not improve timing on the net.
INFO: [Physopt 32-702] Processed net raymarcher/ss/ld/lg2/x[9][7]_i_5__15_n_0. Optimizations did not improve timing on the net.
INFO: [Physopt 32-702] Processed net raymarcher/ss/ld/lg2/y_reg[9][45]_i_1_n_7. Optimizations did not improve timing on the net.
INFO: [Physopt 32-702] Processed net CLK_IBUF. Optimizations did not improve timing on the net.
INFO: [Physopt 32-702] Processed net CLK. Optimizations did not improve timing on the net.
INFO: [Physopt 32-702] Processed net raymarcher/ss/ld/lg2/y_reg[9]_623[45]. Optimizations did not improve timing on the net.
INFO: [Physopt 32-702] Processed net raymarcher/ss/ld/lg2/x_reg[8]_597[13]. Optimizations did not improve timing on the net.
INFO: [Physopt 32-702] Processed net raymarcher/ss/ld/lg2/i___451_n_0. Optimizations did not improve timing on the net.
INFO: [Physopt 32-702] Processed net raymarcher/ss/ld/lg2/i___64_i_1_n_2. Optimizations did not improve timing on the net.
INFO: [Physopt 32-702] Processed net raymarcher/ss/ld/lg2/i___64_i_12_n_0. Optimizations did not improve timing on the net.
INFO: [Physopt 32-702] Processed net raymarcher/ss/ld/lg2/p_37_out[30]. Optimizations did not improve timing on the net.
INFO: [Physopt 32-702] Processed net raymarcher/ss/ld/lg2/x[9][7]_i_5__15_n_0. Optimizations did not improve timing on the net.
INFO: [Physopt 32-702] Processed net raymarcher/ss/ld/lg2/y_reg[9][45]_i_1_n_7. Optimizations did not improve timing on the net.
INFO: [Physopt 32-702] Processed net CLK_IBUF. Optimizations did not improve timing on the net.
INFO: [Physopt 32-702] Processed net CLK. Optimizations did not improve timing on the net.
INFO: [Physopt 32-619] Estimated Timing Summary | WNS=-0.449 | TNS=-4.211 |
Phase 4 Critical Path Optimization | Checksum: 10ec83160

Time (s): cpu = 00:00:08 ; elapsed = 00:00:16 . Memory (MB): peak = 4034.668 ; gain = 0.000
Netlist sorting complete. Time (s): cpu = 00:00:00 ; elapsed = 00:00:00.074 . Memory (MB): peak = 4034.668 ; gain = 0.000
INFO: [Physopt 32-603] Post Physical Optimization Timing Summary | WNS=-0.449 | TNS=-4.211 |

Summary of Physical Synthesis Optimizations
============================================


-------------------------------------------------------------------------------------------------------------------------------------------------------------
|  Optimization   |  WNS Gain (ns)  |  TNS Gain (ns)  |  Added Cells  |  Removed Cells  |  Optimized Cells/Nets  |  Dont Touch  |  Iterations  |  Elapsed   |
-------------------------------------------------------------------------------------------------------------------------------------------------------------
|  DSP Register   |          0.000  |          0.000  |            0  |              0  |                     0  |           0  |           1  |  00:00:01  |
|  Critical Path  |          0.201  |          4.105  |            1  |              0  |                    10  |           0  |           2  |  00:00:03  |
|  Total          |          0.201  |          4.105  |            1  |              0  |                    10  |           0  |           3  |  00:00:04  |
-------------------------------------------------------------------------------------------------------------------------------------------------------------


Netlist sorting complete. Time (s): cpu = 00:00:00 ; elapsed = 00:00:00.029 . Memory (MB): peak = 4034.668 ; gain = 0.000
Ending Physical Synthesis Task | Checksum: 1db9c12cb

Time (s): cpu = 00:00:09 ; elapsed = 00:00:17 . Memory (MB): peak = 4034.668 ; gain = 0.000
INFO: [Common 17-83] Releasing license: Implementation
208 Infos, 0 Warnings, 0 Critical Warnings and 0 Errors encountered.
phys_opt_design completed successfully
phys_opt_design: Time (s): cpu = 00:00:22 ; elapsed = 00:00:32 . Memory (MB): peak = 4034.668 ; gain = 0.000
INFO: [Timing 38-480] Writing timing data to binary archive.
Writing XDEF routing.
Writing XDEF routing logical nets.
Writing XDEF routing special nets.
Write XDEF Complete: Time (s): cpu = 00:00:13 ; elapsed = 00:00:11 . Memory (MB): peak = 4034.668 ; gain = 0.000
report_design_analysis: Time (s): cpu = 00:00:02 ; elapsed = 00:00:06 . Memory (MB): peak = 4034.668 ; gain = 0.000
INFO: [Common 17-1381] The checkpoint 'C:/Users/hausd/Dateien/Xilinx_proj/bsc_mandelbulb2/bsc_mandelbulb2.runs/impl_1/display_demo_dvi_physopt.dcp' has been generated.
write_checkpoint: Time (s): cpu = 00:00:16 ; elapsed = 00:00:22 . Memory (MB): peak = 4034.668 ; gain = 0.000
Command: route_design
Attempting to get a license for feature 'Implementation' and/or device 'xc7a200t'
INFO: [Common 17-349] Got license for feature 'Implementation' and/or device 'xc7a200t'
INFO: [DRC 23-27] Running DRC with 2 threads
INFO: [Vivado_Tcl 4-198] DRC finished with 0 Errors
INFO: [Vivado_Tcl 4-199] Please refer to the DRC report (report_drc) for more information.
Running DRC as a precondition to command route_design
INFO: [DRC 23-27] Running DRC with 2 threads
INFO: [Vivado_Tcl 4-198] DRC finished with 0 Errors
INFO: [Vivado_Tcl 4-199] Please refer to the DRC report (report_drc) for more information.


Starting Routing Task
INFO: [Route 35-254] Multithreading enabled for route_design using a maximum of 2 CPUs

Phase 1 Build RT Design
Checksum: PlaceDB: 23fbeb0 ConstDB: 0 ShapeSum: e5636f28 RouteDB: 0
Post Restoration Checksum: NetGraph: 1b572776 NumContArr: 86711553 Constraints: 0 Timing: 0
Phase 1 Build RT Design | Checksum: a1c83cc9

Time (s): cpu = 00:00:22 ; elapsed = 00:00:45 . Memory (MB): peak = 4034.668 ; gain = 0.000

Phase 2 Router Initialization

Phase 2.1 Fix Topology Constraints
Phase 2.1 Fix Topology Constraints | Checksum: a1c83cc9

Time (s): cpu = 00:00:22 ; elapsed = 00:00:46 . Memory (MB): peak = 4034.668 ; gain = 0.000

Phase 2.2 Pre Route Cleanup
Phase 2.2 Pre Route Cleanup | Checksum: a1c83cc9

Time (s): cpu = 00:00:22 ; elapsed = 00:00:46 . Memory (MB): peak = 4034.668 ; gain = 0.000
 Number of Nodes with overlaps = 0

Phase 2.3 Update Timing
Phase 2.3 Update Timing | Checksum: 23bdaeff9

Time (s): cpu = 00:00:37 ; elapsed = 00:01:15 . Memory (MB): peak = 4192.359 ; gain = 157.691
INFO: [Route 35-416] Intermediate Timing Summary | WNS=-0.341 | TNS=-2.372 | WHS=-0.247 | THS=-1308.272|


Router Utilization Summary
  Global Vertical Routing Utilization    = 0 %
  Global Horizontal Routing Utilization  = 0 %
  Routable Net Status*
  *Does not include unroutable nets such as driverless and loadless.
  Run report_route_status for detailed report.
  Number of Failed Nets               = 161117
    (Failed Nets is the sum of unrouted and partially routed nets)
  Number of Unrouted Nets             = 161116
  Number of Partially Routed Nets     = 1
  Number of Node Overlaps             = 0

Phase 2 Router Initialization | Checksum: 177cef316

Time (s): cpu = 00:00:44 ; elapsed = 00:01:31 . Memory (MB): peak = 4238.125 ; gain = 203.457

Phase 3 Initial Routing

Phase 3.1 Global Routing
Phase 3.1 Global Routing | Checksum: 177cef316

Time (s): cpu = 00:00:44 ; elapsed = 00:01:31 . Memory (MB): peak = 4238.125 ; gain = 203.457
Phase 3 Initial Routing | Checksum: 1450efb8e

Time (s): cpu = 00:01:22 ; elapsed = 00:02:50 . Memory (MB): peak = 4331.723 ; gain = 297.055

Phase 4 Rip-up And Reroute

Phase 4.1 Global Iteration 0
 Number of Nodes with overlaps = 2785
 Number of Nodes with overlaps = 592
 Number of Nodes with overlaps = 244
 Number of Nodes with overlaps = 59
 Number of Nodes with overlaps = 25
 Number of Nodes with overlaps = 3
 Number of Nodes with overlaps = 2
 Number of Nodes with overlaps = 0
INFO: [Route 35-416] Intermediate Timing Summary | WNS=-0.175 | TNS=-106.738| WHS=N/A    | THS=N/A    |

Phase 4.1 Global Iteration 0 | Checksum: da2d1936

Time (s): cpu = 00:04:26 ; elapsed = 00:06:30 . Memory (MB): peak = 4331.723 ; gain = 297.055

Phase 4.2 Global Iteration 1
 Number of Nodes with overlaps = 126
 Number of Nodes with overlaps = 14
 Number of Nodes with overlaps = 5
 Number of Nodes with overlaps = 3
 Number of Nodes with overlaps = 2
 Number of Nodes with overlaps = 0
INFO: [Route 35-416] Intermediate Timing Summary | WNS=-0.010 | TNS=-0.018 | WHS=N/A    | THS=N/A    |

Phase 4.2 Global Iteration 1 | Checksum: 15ea79b3f

Time (s): cpu = 00:04:39 ; elapsed = 00:07:03 . Memory (MB): peak = 4331.723 ; gain = 297.055

Phase 4.3 Global Iteration 2
 Number of Nodes with overlaps = 219
 Number of Nodes with overlaps = 41
 Number of Nodes with overlaps = 8
 Number of Nodes with overlaps = 2
 Number of Nodes with overlaps = 0
INFO: [Route 35-416] Intermediate Timing Summary | WNS=0.105  | TNS=0.000  | WHS=N/A    | THS=N/A    |

Phase 4.3 Global Iteration 2 | Checksum: 1d1a3cfa6

Time (s): cpu = 00:04:44 ; elapsed = 00:07:20 . Memory (MB): peak = 4331.723 ; gain = 297.055
Phase 4 Rip-up And Reroute | Checksum: 1d1a3cfa6

Time (s): cpu = 00:04:44 ; elapsed = 00:07:20 . Memory (MB): peak = 4331.723 ; gain = 297.055

Phase 5 Delay and Skew Optimization

Phase 5.1 Delay CleanUp
Phase 5.1 Delay CleanUp | Checksum: 1d1a3cfa6

Time (s): cpu = 00:04:44 ; elapsed = 00:07:21 . Memory (MB): peak = 4331.723 ; gain = 297.055

Phase 5.2 Clock Skew Optimization
Phase 5.2 Clock Skew Optimization | Checksum: 1d1a3cfa6

Time (s): cpu = 00:04:44 ; elapsed = 00:07:21 . Memory (MB): peak = 4331.723 ; gain = 297.055
Phase 5 Delay and Skew Optimization | Checksum: 1d1a3cfa6

Time (s): cpu = 00:04:45 ; elapsed = 00:07:21 . Memory (MB): peak = 4331.723 ; gain = 297.055

Phase 6 Post Hold Fix

Phase 6.1 Hold Fix Iter

Phase 6.1.1 Update Timing
Phase 6.1.1 Update Timing | Checksum: 209e9258b

Time (s): cpu = 00:04:47 ; elapsed = 00:07:28 . Memory (MB): peak = 4331.723 ; gain = 297.055
INFO: [Route 35-416] Intermediate Timing Summary | WNS=0.105  | TNS=0.000  | WHS=0.012  | THS=0.000  |

Phase 6.1 Hold Fix Iter | Checksum: 159c2293a

Time (s): cpu = 00:04:47 ; elapsed = 00:07:28 . Memory (MB): peak = 4331.723 ; gain = 297.055
Phase 6 Post Hold Fix | Checksum: 159c2293a

Time (s): cpu = 00:04:47 ; elapsed = 00:07:29 . Memory (MB): peak = 4331.723 ; gain = 297.055

Phase 7 Route finalize

Router Utilization Summary
  Global Vertical Routing Utilization    = 32.5764 %
  Global Horizontal Routing Utilization  = 39.3604 %
  Routable Net Status*
  *Does not include unroutable nets such as driverless and loadless.
  Run report_route_status for detailed report.
  Number of Failed Nets               = 0
    (Failed Nets is the sum of unrouted and partially routed nets)
  Number of Unrouted Nets             = 0
  Number of Partially Routed Nets     = 0
  Number of Node Overlaps             = 0

Phase 7 Route finalize | Checksum: 215a7844e

Time (s): cpu = 00:04:47 ; elapsed = 00:07:29 . Memory (MB): peak = 4331.723 ; gain = 297.055

Phase 8 Verifying routed nets

 Verification completed successfully
Phase 8 Verifying routed nets | Checksum: 215a7844e

Time (s): cpu = 00:04:47 ; elapsed = 00:07:30 . Memory (MB): peak = 4331.723 ; gain = 297.055

Phase 9 Depositing Routes
Phase 9 Depositing Routes | Checksum: 1acb1a431

Time (s): cpu = 00:04:50 ; elapsed = 00:07:38 . Memory (MB): peak = 4331.723 ; gain = 297.055

Phase 10 Post Router Timing
INFO: [Route 35-57] Estimated Timing Summary | WNS=0.105  | TNS=0.000  | WHS=0.012  | THS=0.000  |

INFO: [Route 35-327] The final timing numbers are based on the router estimated timing analysis. For a complete and accurate timing signoff, please run report_timing_summary.
Phase 10 Post Router Timing | Checksum: 1acb1a431

Time (s): cpu = 00:04:54 ; elapsed = 00:07:43 . Memory (MB): peak = 4331.723 ; gain = 297.055
INFO: [Route 35-16] Router Completed Successfully

Time (s): cpu = 00:04:54 ; elapsed = 00:07:44 . Memory (MB): peak = 4331.723 ; gain = 297.055

Routing Is Done.
INFO: [Common 17-83] Releasing license: Implementation
227 Infos, 0 Warnings, 0 Critical Warnings and 0 Errors encountered.
route_design completed successfully
route_design: Time (s): cpu = 00:04:58 ; elapsed = 00:07:48 . Memory (MB): peak = 4331.723 ; gain = 297.055
INFO: [Timing 38-480] Writing timing data to binary archive.
Writing XDEF routing.
Writing XDEF routing logical nets.
Writing XDEF routing special nets.
Write XDEF Complete: Time (s): cpu = 00:00:13 ; elapsed = 00:00:12 . Memory (MB): peak = 4331.723 ; gain = 0.000
report_design_analysis: Time (s): cpu = 00:00:05 ; elapsed = 00:00:14 . Memory (MB): peak = 4331.723 ; gain = 0.000
INFO: [Common 17-1381] The checkpoint 'C:/Users/hausd/Dateien/Xilinx_proj/bsc_mandelbulb2/bsc_mandelbulb2.runs/impl_1/display_demo_dvi_routed.dcp' has been generated.
write_checkpoint: Time (s): cpu = 00:00:20 ; elapsed = 00:00:32 . Memory (MB): peak = 4331.723 ; gain = 0.000
INFO: [runtcl-4] Executing : report_drc -file display_demo_dvi_drc_routed.rpt -pb display_demo_dvi_drc_routed.pb -rpx display_demo_dvi_drc_routed.rpx
Command: report_drc -file display_demo_dvi_drc_routed.rpt -pb display_demo_dvi_drc_routed.pb -rpx display_demo_dvi_drc_routed.rpx
INFO: [IP_Flow 19-1839] IP Catalog is up to date.
INFO: [DRC 23-27] Running DRC with 2 threads
INFO: [Vivado_Tcl 2-168] The results of DRC are in file C:/Users/hausd/Dateien/Xilinx_proj/bsc_mandelbulb2/bsc_mandelbulb2.runs/impl_1/display_demo_dvi_drc_routed.rpt.
report_drc completed successfully
report_drc: Time (s): cpu = 00:00:07 ; elapsed = 00:00:08 . Memory (MB): peak = 4331.723 ; gain = 0.000
INFO: [runtcl-4] Executing : report_methodology -file display_demo_dvi_methodology_drc_routed.rpt -pb display_demo_dvi_methodology_drc_routed.pb -rpx display_demo_dvi_methodology_drc_routed.rpx
Command: report_methodology -file display_demo_dvi_methodology_drc_routed.rpt -pb display_demo_dvi_methodology_drc_routed.pb -rpx display_demo_dvi_methodology_drc_routed.rpx
INFO: [Timing 38-35] Done setting XDC timing constraints.
INFO: [DRC 23-133] Running Methodology with 2 threads
INFO: [Vivado_Tcl 2-1520] The results of Report Methodology are in file C:/Users/hausd/Dateien/Xilinx_proj/bsc_mandelbulb2/bsc_mandelbulb2.runs/impl_1/display_demo_dvi_methodology_drc_routed.rpt.
report_methodology completed successfully
report_methodology: Time (s): cpu = 00:00:15 ; elapsed = 00:00:32 . Memory (MB): peak = 4331.723 ; gain = 0.000
INFO: [runtcl-4] Executing : report_power -file display_demo_dvi_power_routed.rpt -pb display_demo_dvi_power_summary_routed.pb -rpx display_demo_dvi_power_routed.rpx
Command: report_power -file display_demo_dvi_power_routed.rpt -pb display_demo_dvi_power_summary_routed.pb -rpx display_demo_dvi_power_routed.rpx
INFO: [Timing 38-35] Done setting XDC timing constraints.
Running Vector-less Activity Propagation...

Finished Running Vector-less Activity Propagation
WARNING: [Power 33-332] Found switching activity that implies high-fanout reset nets being asserted for excessive periods of time which may result in inaccurate power analysis.
Resolution: To review and fix problems, please run Power Constraints Advisor in the GUI from Tools > Power Constraints Advisor or run report_power with the -advisory option to generate a text report.
239 Infos, 1 Warnings, 0 Critical Warnings and 0 Errors encountered.
report_power completed successfully
report_power: Time (s): cpu = 00:00:21 ; elapsed = 00:00:33 . Memory (MB): peak = 4407.219 ; gain = 75.496
INFO: [runtcl-4] Executing : report_route_status -file display_demo_dvi_route_status.rpt -pb display_demo_dvi_route_status.pb
INFO: [runtcl-4] Executing : report_timing_summary -max_paths 10 -report_unconstrained -file display_demo_dvi_timing_summary_routed.rpt -pb display_demo_dvi_timing_summary_routed.pb -rpx display_demo_dvi_timing_summary_routed.rpx -warn_on_violation 
INFO: [Timing 38-91] UpdateTimingParams: Speed grade: -1, Delay Type: min_max.
INFO: [Timing 38-191] Multithreading enabled for timing update using a maximum of 2 CPUs
INFO: [runtcl-4] Executing : report_incremental_reuse -file display_demo_dvi_incremental_reuse_routed.rpt
INFO: [Vivado_Tcl 4-1062] Incremental flow is disabled. No incremental reuse Info to report.
INFO: [runtcl-4] Executing : report_clock_utilization -file display_demo_dvi_clock_utilization_routed.rpt
INFO: [runtcl-4] Executing : report_bus_skew -warn_on_violation -file display_demo_dvi_bus_skew_routed.rpt -pb display_demo_dvi_bus_skew_routed.pb -rpx display_demo_dvi_bus_skew_routed.rpx
INFO: [Timing 38-91] UpdateTimingParams: Speed grade: -1, Delay Type: min_max.
INFO: [Timing 38-191] Multithreading enabled for timing update using a maximum of 2 CPUs
Command: write_bitstream -force display_demo_dvi.bit -bin_file
Attempting to get a license for feature 'Implementation' and/or device 'xc7a200t'
INFO: [Common 17-349] Got license for feature 'Implementation' and/or device 'xc7a200t'
Running DRC as a precondition to command write_bitstream
INFO: [IP_Flow 19-1839] IP Catalog is up to date.
INFO: [DRC 23-27] Running DRC with 2 threads
WARNING: [DRC DPIP-1] Input pipelining: DSP bth/addrb0 input bth/addrb0/A[29:0] is not pipelined. Pipelining DSP48 input will improve performance.
WARNING: [DRC DPIP-1] Input pipelining: DSP bth/addrb0 input bth/addrb0/C[47:0] is not pipelined. Pipelining DSP48 input will improve performance.
WARNING: [DRC DPIP-1] Input pipelining: DSP raymarcher/ss/ld/approxmult_dst1/fm/M_reg[0] input raymarcher/ss/ld/approxmult_dst1/fm/M_reg[0]/A[29:0] is not pipelined. Pipelining DSP48 input will improve performance.
WARNING: [DRC DPOP-1] PREG Output pipelining: DSP bth/addrb0 output bth/addrb0/P[47:0] is not pipelined (PREG=0). Pipelining the DSP48 output will improve performance and often saves power so it is suggested whenever possible to fully pipeline this function.  If this DSP48 function was inferred, it is suggested to describe an additional register stage after this function.  If the DSP48 was instantiated in the design, it is suggested to set the PREG attribute to 1.
WARNING: [DRC DPOP-1] PREG Output pipelining: DSP raymarcher/fm1/ output raymarcher/fm1//P[47:0] is not pipelined (PREG=0). Pipelining the DSP48 output will improve performance and often saves power so it is suggested whenever possible to fully pipeline this function.  If this DSP48 function was inferred, it is suggested to describe an additional register stage after this function.  If the DSP48 was instantiated in the design, it is suggested to set the PREG attribute to 1.
WARNING: [DRC DPOP-1] PREG Output pipelining: DSP raymarcher/fm2/ output raymarcher/fm2//P[47:0] is not pipelined (PREG=0). Pipelining the DSP48 output will improve performance and often saves power so it is suggested whenever possible to fully pipeline this function.  If this DSP48 function was inferred, it is suggested to describe an additional register stage after this function.  If the DSP48 was instantiated in the design, it is suggested to set the PREG attribute to 1.
WARNING: [DRC DPOP-1] PREG Output pipelining: DSP raymarcher/fm3/ output raymarcher/fm3//P[47:0] is not pipelined (PREG=0). Pipelining the DSP48 output will improve performance and often saves power so it is suggested whenever possible to fully pipeline this function.  If this DSP48 function was inferred, it is suggested to describe an additional register stage after this function.  If the DSP48 was instantiated in the design, it is suggested to set the PREG attribute to 1.
WARNING: [DRC DPOP-1] PREG Output pipelining: DSP raymarcher/ss/ld/approxmult_dst1/fm/ output raymarcher/ss/ld/approxmult_dst1/fm//P[47:0] is not pipelined (PREG=0). Pipelining the DSP48 output will improve performance and often saves power so it is suggested whenever possible to fully pipeline this function.  If this DSP48 function was inferred, it is suggested to describe an additional register stage after this function.  If the DSP48 was instantiated in the design, it is suggested to set the PREG attribute to 1.
WARNING: [DRC DPOP-1] PREG Output pipelining: DSP raymarcher/ss/ld/approxmult_dst2/fm/ output raymarcher/ss/ld/approxmult_dst2/fm//P[47:0] is not pipelined (PREG=0). Pipelining the DSP48 output will improve performance and often saves power so it is suggested whenever possible to fully pipeline this function.  If this DSP48 function was inferred, it is suggested to describe an additional register stage after this function.  If the DSP48 was instantiated in the design, it is suggested to set the PREG attribute to 1.
WARNING: [DRC DPOP-1] PREG Output pipelining: DSP raymarcher/ss/ld/approxmult_dst3/fm/ output raymarcher/ss/ld/approxmult_dst3/fm//P[47:0] is not pipelined (PREG=0). Pipelining the DSP48 output will improve performance and often saves power so it is suggested whenever possible to fully pipeline this function.  If this DSP48 function was inferred, it is suggested to describe an additional register stage after this function.  If the DSP48 was instantiated in the design, it is suggested to set the PREG attribute to 1.
WARNING: [DRC DPOP-1] PREG Output pipelining: DSP raymarcher/ss/msdi_1/dr_zr/drzr/approxmult_drzr/fm/ output raymarcher/ss/msdi_1/dr_zr/drzr/approxmult_drzr/fm//P[47:0] is not pipelined (PREG=0). Pipelining the DSP48 output will improve performance and often saves power so it is suggested whenever possible to fully pipeline this function.  If this DSP48 function was inferred, it is suggested to describe an additional register stage after this function.  If the DSP48 was instantiated in the design, it is suggested to set the PREG attribute to 1.
WARNING: [DRC DPOP-1] PREG Output pipelining: DSP raymarcher/ss/msdi_1/tp/tp/act1/fmatan2scale/ output raymarcher/ss/msdi_1/tp/tp/act1/fmatan2scale//P[47:0] is not pipelined (PREG=0). Pipelining the DSP48 output will improve performance and often saves power so it is suggested whenever possible to fully pipeline this function.  If this DSP48 function was inferred, it is suggested to describe an additional register stage after this function.  If the DSP48 was instantiated in the design, it is suggested to set the PREG attribute to 1.
WARNING: [DRC DPOP-1] PREG Output pipelining: DSP raymarcher/ss/msdi_1/tp/tp/act2/fmatan2scale/ output raymarcher/ss/msdi_1/tp/tp/act2/fmatan2scale//P[47:0] is not pipelined (PREG=0). Pipelining the DSP48 output will improve performance and often saves power so it is suggested whenever possible to fully pipeline this function.  If this DSP48 function was inferred, it is suggested to describe an additional register stage after this function.  If the DSP48 was instantiated in the design, it is suggested to set the PREG attribute to 1.
WARNING: [DRC DPOP-1] PREG Output pipelining: DSP raymarcher/ss/msdi_2/dr_zr/drzr/approxmult_drzr/fm/ output raymarcher/ss/msdi_2/dr_zr/drzr/approxmult_drzr/fm//P[47:0] is not pipelined (PREG=0). Pipelining the DSP48 output will improve performance and often saves power so it is suggested whenever possible to fully pipeline this function.  If this DSP48 function was inferred, it is suggested to describe an additional register stage after this function.  If the DSP48 was instantiated in the design, it is suggested to set the PREG attribute to 1.
WARNING: [DRC DPOP-1] PREG Output pipelining: DSP raymarcher/ss/msdi_2/tp/tp/act1/fmatan2scale/ output raymarcher/ss/msdi_2/tp/tp/act1/fmatan2scale//P[47:0] is not pipelined (PREG=0). Pipelining the DSP48 output will improve performance and often saves power so it is suggested whenever possible to fully pipeline this function.  If this DSP48 function was inferred, it is suggested to describe an additional register stage after this function.  If the DSP48 was instantiated in the design, it is suggested to set the PREG attribute to 1.
WARNING: [DRC DPOP-1] PREG Output pipelining: DSP raymarcher/ss/msdi_2/tp/tp/act2/fmatan2scale/ output raymarcher/ss/msdi_2/tp/tp/act2/fmatan2scale//P[47:0] is not pipelined (PREG=0). Pipelining the DSP48 output will improve performance and often saves power so it is suggested whenever possible to fully pipeline this function.  If this DSP48 function was inferred, it is suggested to describe an additional register stage after this function.  If the DSP48 was instantiated in the design, it is suggested to set the PREG attribute to 1.
WARNING: [DRC DPOP-1] PREG Output pipelining: DSP raymarcher/ss/msdi_3/dr_zr/drzr/approxmult_drzr/fm/ output raymarcher/ss/msdi_3/dr_zr/drzr/approxmult_drzr/fm//P[47:0] is not pipelined (PREG=0). Pipelining the DSP48 output will improve performance and often saves power so it is suggested whenever possible to fully pipeline this function.  If this DSP48 function was inferred, it is suggested to describe an additional register stage after this function.  If the DSP48 was instantiated in the design, it is suggested to set the PREG attribute to 1.
WARNING: [DRC DPOP-1] PREG Output pipelining: DSP raymarcher/ss/msdi_3/tp/tp/act1/fmatan2scale/ output raymarcher/ss/msdi_3/tp/tp/act1/fmatan2scale//P[47:0] is not pipelined (PREG=0). Pipelining the DSP48 output will improve performance and often saves power so it is suggested whenever possible to fully pipeline this function.  If this DSP48 function was inferred, it is suggested to describe an additional register stage after this function.  If the DSP48 was instantiated in the design, it is suggested to set the PREG attribute to 1.
WARNING: [DRC DPOP-1] PREG Output pipelining: DSP raymarcher/ss/msdi_3/tp/tp/act2/fmatan2scale/ output raymarcher/ss/msdi_3/tp/tp/act2/fmatan2scale//P[47:0] is not pipelined (PREG=0). Pipelining the DSP48 output will improve performance and often saves power so it is suggested whenever possible to fully pipeline this function.  If this DSP48 function was inferred, it is suggested to describe an additional register stage after this function.  If the DSP48 was instantiated in the design, it is suggested to set the PREG attribute to 1.
WARNING: [DRC DPOP-1] PREG Output pipelining: DSP raymarcher/ss/msdi_4/dr_zr/drzr/approxmult_drzr/fm/ output raymarcher/ss/msdi_4/dr_zr/drzr/approxmult_drzr/fm//P[47:0] is not pipelined (PREG=0). Pipelining the DSP48 output will improve performance and often saves power so it is suggested whenever possible to fully pipeline this function.  If this DSP48 function was inferred, it is suggested to describe an additional register stage after this function.  If the DSP48 was instantiated in the design, it is suggested to set the PREG attribute to 1.
WARNING: [DRC DPOP-1] PREG Output pipelining: DSP raymarcher/ss/msdi_4/tp/tp/act1/fmatan2scale/ output raymarcher/ss/msdi_4/tp/tp/act1/fmatan2scale//P[47:0] is not pipelined (PREG=0). Pipelining the DSP48 output will improve performance and often saves power so it is suggested whenever possible to fully pipeline this function.  If this DSP48 function was inferred, it is suggested to describe an additional register stage after this function.  If the DSP48 was instantiated in the design, it is suggested to set the PREG attribute to 1.
WARNING: [DRC DPOP-1] PREG Output pipelining: DSP raymarcher/ss/msdi_4/tp/tp/act2/fmatan2scale/ output raymarcher/ss/msdi_4/tp/tp/act2/fmatan2scale//P[47:0] is not pipelined (PREG=0). Pipelining the DSP48 output will improve performance and often saves power so it is suggested whenever possible to fully pipeline this function.  If this DSP48 function was inferred, it is suggested to describe an additional register stage after this function.  If the DSP48 was instantiated in the design, it is suggested to set the PREG attribute to 1.
WARNING: [DRC DPOP-2] MREG Output pipelining: DSP bth/addrb0 multiplier stage bth/addrb0/P[47:0] is not pipelined (MREG=0). Pipelining the multiplier function will improve performance and will save significant power so it is suggested whenever possible to fully pipeline this function.  If this multiplier was inferred, it is suggested to describe an additional register stage after this function.  If there is no registered adder/accumulator following the multiply function, two pipeline stages are suggested to allow both the MREG and PREG registers to be used.  If the DSP48 was instantiated in the design, it is suggested to set both the MREG and PREG attributes to 1 when performing multiply functions.
INFO: [Vivado 12-3199] DRC finished with 0 Errors, 23 Warnings
INFO: [Vivado 12-3200] Please refer to the DRC report (report_drc) for more information.
INFO: [Designutils 20-2272] Running write_bitstream with 2 threads.
Loading data files...
Loading site data...
Loading route data...
Processing options...
Creating bitmap...
Creating bitstream...
Writing bitstream ./display_demo_dvi.bit...
Writing bitstream ./display_demo_dvi.bin...
INFO: [Vivado 12-1842] Bitgen Completed Successfully.
INFO: [Project 1-1876] WebTalk data collection is mandatory when using a ULT device. To see the specific WebTalk data collected for your design, open the usage_statistics_webtalk.html or usage_statistics_webtalk.xml file in the implementation directory.
INFO: [Common 17-83] Releasing license: Implementation
12 Infos, 23 Warnings, 0 Critical Warnings and 0 Errors encountered.
write_bitstream completed successfully
write_bitstream: Time (s): cpu = 00:00:19 ; elapsed = 00:00:40 . Memory (MB): peak = 5199.426 ; gain = 692.199
INFO: [Common 17-206] Exiting Vivado at Tue Aug 27 14:35:53 2024...
