INFO: [VRFC 10-2263] Analyzing Verilog file "C:/Users/hausd/Dateien/Xilinx_proj/bsc_mandelbulb2/bsc_mandelbulb2.sim/sim_1/synth/func/xsim/testbench_func_synth.v" into library xil_defaultlib
INFO: [VRFC 10-311] analyzing module BRAM_to_HDMI
INFO: [VRFC 10-311] analyzing module async_reset
INFO: [VRFC 10-311] analyzing module blk_mem_gen_0
INFO: [VRFC 10-311] analyzing module display_clocks
INFO: [VRFC 10-311] analyzing module display_demo_dvi
INFO: [VRFC 10-311] analyzing module display_timings
INFO: [VRFC 10-311] analyzing module distlinnn
INFO: [VRFC 10-311] analyzing module dr_zr
INFO: [VRFC 10-311] analyzing module dr_zr__xdcDup__1
INFO: [VRFC 10-311] analyzing module dr_zr__xdcDup__2
INFO: [VRFC 10-311] analyzing module dr_zr__xdcDup__3
INFO: [VRFC 10-311] analyzing module dr_zr__xdcDup__4
INFO: [VRFC 10-311] analyzing module dvi_generator
INFO: [VRFC 10-311] analyzing module fixedpoint_MSB_index
INFO: [VRFC 10-311] analyzing module fixedpoint_MSB_index_12
INFO: [VRFC 10-311] analyzing module fixedpoint_MSB_index_13
INFO: [VRFC 10-311] analyzing module fixedpoint_MSB_index_20
INFO: [VRFC 10-311] analyzing module fixedpoint_MSB_index_21
INFO: [VRFC 10-311] analyzing module fixedpoint_MSB_index_28
INFO: [VRFC 10-311] analyzing module fixedpoint_MSB_index_29
INFO: [VRFC 10-311] analyzing module fixedpoint_MSB_index_36
INFO: [VRFC 10-311] analyzing module fixedpoint_MSB_index_37
INFO: [VRFC 10-311] analyzing module fixedpoint_MSB_index_38
INFO: [VRFC 10-311] analyzing module fixedpoint_MSB_index_39
INFO: [VRFC 10-311] analyzing module fixedpoint_MSB_index_40
INFO: [VRFC 10-311] analyzing module fixedpoint_MSB_index_41
INFO: [VRFC 10-311] analyzing module fixedpoint_MSB_index_42
INFO: [VRFC 10-311] analyzing module fixedpoint_MSB_index_43
INFO: [VRFC 10-311] analyzing module fixedpoint_MSB_index_5
INFO: [VRFC 10-311] analyzing module fixedpoint_arctan2
INFO: [VRFC 10-311] analyzing module fixedpoint_arctan2_16
INFO: [VRFC 10-311] analyzing module fixedpoint_arctan2_17
INFO: [VRFC 10-311] analyzing module fixedpoint_arctan2_2
INFO: [VRFC 10-311] analyzing module fixedpoint_arctan2_24
INFO: [VRFC 10-311] analyzing module fixedpoint_arctan2_25
INFO: [VRFC 10-311] analyzing module fixedpoint_arctan2_32
INFO: [VRFC 10-311] analyzing module fixedpoint_arctan2_33
INFO: [VRFC 10-311] analyzing module fixedpoint_arctan2_8
INFO: [VRFC 10-311] analyzing module fixedpoint_arctan2_9
INFO: [VRFC 10-311] analyzing module fixedpoint_inverse_number
INFO: [VRFC 10-311] analyzing module fixedpoint_log2
INFO: [VRFC 10-311] analyzing module fixedpoint_mult
INFO: [VRFC 10-311] analyzing module fixedpoint_mult_0
INFO: [VRFC 10-311] analyzing module fixedpoint_mult_1
INFO: [VRFC 10-311] analyzing module fixedpoint_mult_10
INFO: [VRFC 10-311] analyzing module fixedpoint_mult_11
INFO: [VRFC 10-311] analyzing module fixedpoint_mult_18
INFO: [VRFC 10-311] analyzing module fixedpoint_mult_19
INFO: [VRFC 10-311] analyzing module fixedpoint_mult_26
INFO: [VRFC 10-311] analyzing module fixedpoint_mult_27
INFO: [VRFC 10-311] analyzing module fixedpoint_mult_3
INFO: [VRFC 10-311] analyzing module fixedpoint_mult_34
INFO: [VRFC 10-311] analyzing module fixedpoint_mult_35
INFO: [VRFC 10-311] analyzing module fixedpoint_mult_4
INFO: [VRFC 10-311] analyzing module fixedpoint_mult_s
INFO: [VRFC 10-311] analyzing module fixedpoint_mult_s__xdcDup__1
INFO: [VRFC 10-311] analyzing module fixedpoint_mult_s__xdcDup__2
INFO: [VRFC 10-311] analyzing module fixedpoint_mult_s__xdcDup__3
INFO: [VRFC 10-311] analyzing module fixedpoint_mult_s__xdcDup__4
INFO: [VRFC 10-311] analyzing module fixedpoint_mult_s__xdcDup__5
INFO: [VRFC 10-311] analyzing module fixedpoint_mult_s__xdcDup__6
INFO: [VRFC 10-311] analyzing module fixedpoint_mult_s__xdcDup__7
INFO: [VRFC 10-311] analyzing module fixedpoint_pow8
INFO: [VRFC 10-311] analyzing module fixedpoint_pow8__xdcDup__1
INFO: [VRFC 10-311] analyzing module fixedpoint_pow8__xdcDup__2
INFO: [VRFC 10-311] analyzing module fixedpoint_pow8__xdcDup__3
INFO: [VRFC 10-311] analyzing module fixedpoint_pow8__xdcDup__4
INFO: [VRFC 10-311] analyzing module fixedpoint_sin_cos
INFO: [VRFC 10-311] analyzing module fixedpoint_sin_cos__xdcDup__1
INFO: [VRFC 10-311] analyzing module fixedpoint_sin_cos__xdcDup__2
INFO: [VRFC 10-311] analyzing module fixedpoint_sin_cos__xdcDup__3
INFO: [VRFC 10-311] analyzing module fixedpoint_sin_cos__xdcDup__4
INFO: [VRFC 10-311] analyzing module fixedpoint_sin_cos__xdcDup__5
INFO: [VRFC 10-311] analyzing module fixedpoint_sin_cos__xdcDup__6
INFO: [VRFC 10-311] analyzing module fixedpoint_sin_cos__xdcDup__7
INFO: [VRFC 10-311] analyzing module fixedpoint_sin_cos__xdcDup__8
INFO: [VRFC 10-311] analyzing module fixedpoint_sin_cos__xdcDup__9
INFO: [VRFC 10-311] analyzing module fixedpoint_to_cartesian
INFO: [VRFC 10-311] analyzing module fixedpoint_to_cartesian__xdcDup__1
INFO: [VRFC 10-311] analyzing module fixedpoint_to_cartesian__xdcDup__2
INFO: [VRFC 10-311] analyzing module fixedpoint_to_cartesian__xdcDup__3
INFO: [VRFC 10-311] analyzing module fixedpoint_to_cartesian__xdcDup__4
INFO: [VRFC 10-311] analyzing module fixedpoint_to_polar
INFO: [VRFC 10-311] analyzing module fixedpoint_to_polar_15
INFO: [VRFC 10-311] analyzing module fixedpoint_to_polar_23
INFO: [VRFC 10-311] analyzing module fixedpoint_to_polar_31
INFO: [VRFC 10-311] analyzing module fixedpoint_to_polar_7
INFO: [VRFC 10-311] analyzing module log2_data
INFO: [VRFC 10-311] analyzing module mandelbulb_sdf
INFO: [VRFC 10-311] analyzing module mb_dr_zr
INFO: [VRFC 10-311] analyzing module mb_dr_zr__xdcDup__1
INFO: [VRFC 10-311] analyzing module mb_dr_zr__xdcDup__2
INFO: [VRFC 10-311] analyzing module mb_dr_zr__xdcDup__3
INFO: [VRFC 10-311] analyzing module mb_dr_zr__xdcDup__4
INFO: [VRFC 10-311] analyzing module mb_log_dist
INFO: [VRFC 10-311] analyzing module mb_sdf_iteration
INFO: [VRFC 10-311] analyzing module mb_sdf_iteration__xdcDup__1
INFO: [VRFC 10-311] analyzing module mb_sdf_iteration__xdcDup__2
INFO: [VRFC 10-311] analyzing module mb_sdf_iteration__xdcDup__3
INFO: [VRFC 10-311] analyzing module mb_sdf_iteration__xdcDup__4
INFO: [VRFC 10-311] analyzing module mb_to_cartesian
INFO: [VRFC 10-311] analyzing module mb_to_cartesian__xdcDup__1
INFO: [VRFC 10-311] analyzing module mb_to_cartesian__xdcDup__2
INFO: [VRFC 10-311] analyzing module mb_to_cartesian__xdcDup__3
INFO: [VRFC 10-311] analyzing module mb_to_cartesian__xdcDup__4
INFO: [VRFC 10-311] analyzing module mb_to_polar
INFO: [VRFC 10-311] analyzing module mb_to_polar_14
INFO: [VRFC 10-311] analyzing module mb_to_polar_22
INFO: [VRFC 10-311] analyzing module mb_to_polar_30
INFO: [VRFC 10-311] analyzing module mb_to_polar_6
INFO: [VRFC 10-311] analyzing module mult_35_24_core
INFO: [VRFC 10-311] analyzing module mult_35_35_core
INFO: [VRFC 10-311] analyzing module mult_gen_0
INFO: [VRFC 10-311] analyzing module ray_march
INFO: [VRFC 10-311] analyzing module serializer_10to1
INFO: [VRFC 10-311] analyzing module serializer_10to1_46
INFO: [VRFC 10-311] analyzing module serializer_10to1_47
INFO: [VRFC 10-311] analyzing module serializer_10to1_48
INFO: [VRFC 10-311] analyzing module tmds_encoder_dvi
INFO: [VRFC 10-311] analyzing module tmds_encoder_dvi_44
INFO: [VRFC 10-311] analyzing module tmds_encoder_dvi_45
INFO: [VRFC 10-311] analyzing module distlinnn_dist_mem_gen_v8_0_13
INFO: [VRFC 10-311] analyzing module distlinnn_dist_mem_gen_v8_0_13_synth
INFO: [VRFC 10-311] analyzing module distlinnn_rom
INFO: [VRFC 10-311] analyzing module log2_data_dist_mem_gen_v8_0_13
INFO: [VRFC 10-311] analyzing module log2_data_dist_mem_gen_v8_0_13_synth
INFO: [VRFC 10-311] analyzing module log2_data_rom
INFO: [VRFC 10-311] analyzing module mult_35_24_core_delay_line__parameterized2
INFO: [VRFC 10-311] analyzing module mult_35_24_core_dsp
INFO: [VRFC 10-311] analyzing module mult_35_24_core_mult_gen_v12_0_18
INFO: [VRFC 10-311] analyzing module mult_35_24_core_mult_gen_v12_0_18_viv
INFO: [VRFC 10-311] analyzing module mult_35_35_core_delay_line__parameterized0
INFO: [VRFC 10-311] analyzing module mult_35_35_core_delay_line__parameterized1
INFO: [VRFC 10-311] analyzing module mult_35_35_core_delay_line__parameterized3
INFO: [VRFC 10-311] analyzing module mult_35_35_core_delay_line__parameterized5
INFO: [VRFC 10-311] analyzing module mult_35_35_core_dsp
INFO: [VRFC 10-311] analyzing module mult_35_35_core_mult_gen_v12_0_18
INFO: [VRFC 10-311] analyzing module mult_35_35_core_mult_gen_v12_0_18_viv
INFO: [VRFC 10-311] analyzing module mult_gen_0_dsp
INFO: [VRFC 10-311] analyzing module mult_gen_0_mult_gen_v12_0_18
INFO: [VRFC 10-311] analyzing module mult_gen_0_mult_gen_v12_0_18_viv
INFO: [VRFC 10-311] analyzing module blk_mem_gen_0_blk_mem_gen_generic_cstr
INFO: [VRFC 10-311] analyzing module blk_mem_gen_0_blk_mem_gen_mux
INFO: [VRFC 10-311] analyzing module blk_mem_gen_0_blk_mem_gen_mux__parameterized0
INFO: [VRFC 10-311] analyzing module blk_mem_gen_0_blk_mem_gen_prim_width
INFO: [VRFC 10-311] analyzing module blk_mem_gen_0_blk_mem_gen_prim_width__parameterized0
INFO: [VRFC 10-311] analyzing module blk_mem_gen_0_blk_mem_gen_prim_width__parameterized1
INFO: [VRFC 10-311] analyzing module blk_mem_gen_0_blk_mem_gen_prim_width__parameterized10
INFO: [VRFC 10-311] analyzing module blk_mem_gen_0_blk_mem_gen_prim_width__parameterized11
INFO: [VRFC 10-311] analyzing module blk_mem_gen_0_blk_mem_gen_prim_width__parameterized12
INFO: [VRFC 10-311] analyzing module blk_mem_gen_0_blk_mem_gen_prim_width__parameterized13
INFO: [VRFC 10-311] analyzing module blk_mem_gen_0_blk_mem_gen_prim_width__parameterized14
INFO: [VRFC 10-311] analyzing module blk_mem_gen_0_blk_mem_gen_prim_width__parameterized15
INFO: [VRFC 10-311] analyzing module blk_mem_gen_0_blk_mem_gen_prim_width__parameterized16
INFO: [VRFC 10-311] analyzing module blk_mem_gen_0_blk_mem_gen_prim_width__parameterized17
INFO: [VRFC 10-311] analyzing module blk_mem_gen_0_blk_mem_gen_prim_width__parameterized18
INFO: [VRFC 10-311] analyzing module blk_mem_gen_0_blk_mem_gen_prim_width__parameterized19
INFO: [VRFC 10-311] analyzing module blk_mem_gen_0_blk_mem_gen_prim_width__parameterized2
INFO: [VRFC 10-311] analyzing module blk_mem_gen_0_blk_mem_gen_prim_width__parameterized20
INFO: [VRFC 10-311] analyzing module blk_mem_gen_0_blk_mem_gen_prim_width__parameterized21
INFO: [VRFC 10-311] analyzing module blk_mem_gen_0_blk_mem_gen_prim_width__parameterized22
INFO: [VRFC 10-311] analyzing module blk_mem_gen_0_blk_mem_gen_prim_width__parameterized23
INFO: [VRFC 10-311] analyzing module blk_mem_gen_0_blk_mem_gen_prim_width__parameterized24
INFO: [VRFC 10-311] analyzing module blk_mem_gen_0_blk_mem_gen_prim_width__parameterized25
INFO: [VRFC 10-311] analyzing module blk_mem_gen_0_blk_mem_gen_prim_width__parameterized26
INFO: [VRFC 10-311] analyzing module blk_mem_gen_0_blk_mem_gen_prim_width__parameterized27
INFO: [VRFC 10-311] analyzing module blk_mem_gen_0_blk_mem_gen_prim_width__parameterized28
INFO: [VRFC 10-311] analyzing module blk_mem_gen_0_blk_mem_gen_prim_width__parameterized29
INFO: [VRFC 10-311] analyzing module blk_mem_gen_0_blk_mem_gen_prim_width__parameterized3
INFO: [VRFC 10-311] analyzing module blk_mem_gen_0_blk_mem_gen_prim_width__parameterized30
INFO: [VRFC 10-311] analyzing module blk_mem_gen_0_blk_mem_gen_prim_width__parameterized31
INFO: [VRFC 10-311] analyzing module blk_mem_gen_0_blk_mem_gen_prim_width__parameterized32
INFO: [VRFC 10-311] analyzing module blk_mem_gen_0_blk_mem_gen_prim_width__parameterized33
INFO: [VRFC 10-311] analyzing module blk_mem_gen_0_blk_mem_gen_prim_width__parameterized34
INFO: [VRFC 10-311] analyzing module blk_mem_gen_0_blk_mem_gen_prim_width__parameterized35
INFO: [VRFC 10-311] analyzing module blk_mem_gen_0_blk_mem_gen_prim_width__parameterized36
INFO: [VRFC 10-311] analyzing module blk_mem_gen_0_blk_mem_gen_prim_width__parameterized37
INFO: [VRFC 10-311] analyzing module blk_mem_gen_0_blk_mem_gen_prim_width__parameterized38
INFO: [VRFC 10-311] analyzing module blk_mem_gen_0_blk_mem_gen_prim_width__parameterized39
INFO: [VRFC 10-311] analyzing module blk_mem_gen_0_blk_mem_gen_prim_width__parameterized4
INFO: [VRFC 10-311] analyzing module blk_mem_gen_0_blk_mem_gen_prim_width__parameterized40
INFO: [VRFC 10-311] analyzing module blk_mem_gen_0_blk_mem_gen_prim_width__parameterized41
INFO: [VRFC 10-311] analyzing module blk_mem_gen_0_blk_mem_gen_prim_width__parameterized42
INFO: [VRFC 10-311] analyzing module blk_mem_gen_0_blk_mem_gen_prim_width__parameterized43
INFO: [VRFC 10-311] analyzing module blk_mem_gen_0_blk_mem_gen_prim_width__parameterized44
INFO: [VRFC 10-311] analyzing module blk_mem_gen_0_blk_mem_gen_prim_width__parameterized45
INFO: [VRFC 10-311] analyzing module blk_mem_gen_0_blk_mem_gen_prim_width__parameterized46
INFO: [VRFC 10-311] analyzing module blk_mem_gen_0_blk_mem_gen_prim_width__parameterized47
INFO: [VRFC 10-311] analyzing module blk_mem_gen_0_blk_mem_gen_prim_width__parameterized48
INFO: [VRFC 10-311] analyzing module blk_mem_gen_0_blk_mem_gen_prim_width__parameterized49
INFO: [VRFC 10-311] analyzing module blk_mem_gen_0_blk_mem_gen_prim_width__parameterized5
INFO: [VRFC 10-311] analyzing module blk_mem_gen_0_blk_mem_gen_prim_width__parameterized50
INFO: [VRFC 10-311] analyzing module blk_mem_gen_0_blk_mem_gen_prim_width__parameterized51
INFO: [VRFC 10-311] analyzing module blk_mem_gen_0_blk_mem_gen_prim_width__parameterized52
INFO: [VRFC 10-311] analyzing module blk_mem_gen_0_blk_mem_gen_prim_width__parameterized53
INFO: [VRFC 10-311] analyzing module blk_mem_gen_0_blk_mem_gen_prim_width__parameterized54
INFO: [VRFC 10-311] analyzing module blk_mem_gen_0_blk_mem_gen_prim_width__parameterized55
INFO: [VRFC 10-311] analyzing module blk_mem_gen_0_blk_mem_gen_prim_width__parameterized56
INFO: [VRFC 10-311] analyzing module blk_mem_gen_0_blk_mem_gen_prim_width__parameterized57
INFO: [VRFC 10-311] analyzing module blk_mem_gen_0_blk_mem_gen_prim_width__parameterized58
INFO: [VRFC 10-311] analyzing module blk_mem_gen_0_blk_mem_gen_prim_width__parameterized59
INFO: [VRFC 10-311] analyzing module blk_mem_gen_0_blk_mem_gen_prim_width__parameterized6
INFO: [VRFC 10-311] analyzing module blk_mem_gen_0_blk_mem_gen_prim_width__parameterized60
INFO: [VRFC 10-311] analyzing module blk_mem_gen_0_blk_mem_gen_prim_width__parameterized61
INFO: [VRFC 10-311] analyzing module blk_mem_gen_0_blk_mem_gen_prim_width__parameterized62
INFO: [VRFC 10-311] analyzing module blk_mem_gen_0_blk_mem_gen_prim_width__parameterized63
INFO: [VRFC 10-311] analyzing module blk_mem_gen_0_blk_mem_gen_prim_width__parameterized64
INFO: [VRFC 10-311] analyzing module blk_mem_gen_0_blk_mem_gen_prim_width__parameterized65
INFO: [VRFC 10-311] analyzing module blk_mem_gen_0_blk_mem_gen_prim_width__parameterized66
INFO: [VRFC 10-311] analyzing module blk_mem_gen_0_blk_mem_gen_prim_width__parameterized67
INFO: [VRFC 10-311] analyzing module blk_mem_gen_0_blk_mem_gen_prim_width__parameterized68
INFO: [VRFC 10-311] analyzing module blk_mem_gen_0_blk_mem_gen_prim_width__parameterized69
INFO: [VRFC 10-311] analyzing module blk_mem_gen_0_blk_mem_gen_prim_width__parameterized7
INFO: [VRFC 10-311] analyzing module blk_mem_gen_0_blk_mem_gen_prim_width__parameterized70
INFO: [VRFC 10-311] analyzing module blk_mem_gen_0_blk_mem_gen_prim_width__parameterized71
INFO: [VRFC 10-311] analyzing module blk_mem_gen_0_blk_mem_gen_prim_width__parameterized72
INFO: [VRFC 10-311] analyzing module blk_mem_gen_0_blk_mem_gen_prim_width__parameterized73
INFO: [VRFC 10-311] analyzing module blk_mem_gen_0_blk_mem_gen_prim_width__parameterized74
INFO: [VRFC 10-311] analyzing module blk_mem_gen_0_blk_mem_gen_prim_width__parameterized75
INFO: [VRFC 10-311] analyzing module blk_mem_gen_0_blk_mem_gen_prim_width__parameterized76
INFO: [VRFC 10-311] analyzing module blk_mem_gen_0_blk_mem_gen_prim_width__parameterized77
INFO: [VRFC 10-311] analyzing module blk_mem_gen_0_blk_mem_gen_prim_width__parameterized78
INFO: [VRFC 10-311] analyzing module blk_mem_gen_0_blk_mem_gen_prim_width__parameterized79
INFO: [VRFC 10-311] analyzing module blk_mem_gen_0_blk_mem_gen_prim_width__parameterized8
INFO: [VRFC 10-311] analyzing module blk_mem_gen_0_blk_mem_gen_prim_width__parameterized80
INFO: [VRFC 10-311] analyzing module blk_mem_gen_0_blk_mem_gen_prim_width__parameterized81
INFO: [VRFC 10-311] analyzing module blk_mem_gen_0_blk_mem_gen_prim_width__parameterized82
INFO: [VRFC 10-311] analyzing module blk_mem_gen_0_blk_mem_gen_prim_width__parameterized83
INFO: [VRFC 10-311] analyzing module blk_mem_gen_0_blk_mem_gen_prim_width__parameterized84
INFO: [VRFC 10-311] analyzing module blk_mem_gen_0_blk_mem_gen_prim_width__parameterized85
INFO: [VRFC 10-311] analyzing module blk_mem_gen_0_blk_mem_gen_prim_width__parameterized86
INFO: [VRFC 10-311] analyzing module blk_mem_gen_0_blk_mem_gen_prim_width__parameterized87
INFO: [VRFC 10-311] analyzing module blk_mem_gen_0_blk_mem_gen_prim_width__parameterized88
INFO: [VRFC 10-311] analyzing module blk_mem_gen_0_blk_mem_gen_prim_width__parameterized89
INFO: [VRFC 10-311] analyzing module blk_mem_gen_0_blk_mem_gen_prim_width__parameterized9
INFO: [VRFC 10-311] analyzing module blk_mem_gen_0_blk_mem_gen_prim_width__parameterized90
INFO: [VRFC 10-311] analyzing module blk_mem_gen_0_blk_mem_gen_prim_width__parameterized91
INFO: [VRFC 10-311] analyzing module blk_mem_gen_0_blk_mem_gen_prim_width__parameterized92
INFO: [VRFC 10-311] analyzing module blk_mem_gen_0_blk_mem_gen_prim_width__parameterized93
INFO: [VRFC 10-311] analyzing module blk_mem_gen_0_blk_mem_gen_prim_width__parameterized94
INFO: [VRFC 10-311] analyzing module blk_mem_gen_0_blk_mem_gen_prim_width__parameterized95
INFO: [VRFC 10-311] analyzing module blk_mem_gen_0_blk_mem_gen_prim_width__parameterized96
INFO: [VRFC 10-311] analyzing module blk_mem_gen_0_blk_mem_gen_prim_wrapper_init
INFO: [VRFC 10-311] analyzing module blk_mem_gen_0_blk_mem_gen_prim_wrapper_init__parameterized0
INFO: [VRFC 10-311] analyzing module blk_mem_gen_0_blk_mem_gen_prim_wrapper_init__parameterized1
INFO: [VRFC 10-311] analyzing module blk_mem_gen_0_blk_mem_gen_prim_wrapper_init__parameterized10
INFO: [VRFC 10-311] analyzing module blk_mem_gen_0_blk_mem_gen_prim_wrapper_init__parameterized11
INFO: [VRFC 10-311] analyzing module blk_mem_gen_0_blk_mem_gen_prim_wrapper_init__parameterized12
INFO: [VRFC 10-311] analyzing module blk_mem_gen_0_blk_mem_gen_prim_wrapper_init__parameterized13
INFO: [VRFC 10-311] analyzing module blk_mem_gen_0_blk_mem_gen_prim_wrapper_init__parameterized14
INFO: [VRFC 10-311] analyzing module blk_mem_gen_0_blk_mem_gen_prim_wrapper_init__parameterized15
INFO: [VRFC 10-311] analyzing module blk_mem_gen_0_blk_mem_gen_prim_wrapper_init__parameterized16
INFO: [VRFC 10-311] analyzing module blk_mem_gen_0_blk_mem_gen_prim_wrapper_init__parameterized17
INFO: [VRFC 10-311] analyzing module blk_mem_gen_0_blk_mem_gen_prim_wrapper_init__parameterized18
INFO: [VRFC 10-311] analyzing module blk_mem_gen_0_blk_mem_gen_prim_wrapper_init__parameterized19
INFO: [VRFC 10-311] analyzing module blk_mem_gen_0_blk_mem_gen_prim_wrapper_init__parameterized2
INFO: [VRFC 10-311] analyzing module blk_mem_gen_0_blk_mem_gen_prim_wrapper_init__parameterized20
INFO: [VRFC 10-311] analyzing module blk_mem_gen_0_blk_mem_gen_prim_wrapper_init__parameterized21
INFO: [VRFC 10-311] analyzing module blk_mem_gen_0_blk_mem_gen_prim_wrapper_init__parameterized22
INFO: [VRFC 10-311] analyzing module blk_mem_gen_0_blk_mem_gen_prim_wrapper_init__parameterized23
INFO: [VRFC 10-311] analyzing module blk_mem_gen_0_blk_mem_gen_prim_wrapper_init__parameterized24
INFO: [VRFC 10-311] analyzing module blk_mem_gen_0_blk_mem_gen_prim_wrapper_init__parameterized25
INFO: [VRFC 10-311] analyzing module blk_mem_gen_0_blk_mem_gen_prim_wrapper_init__parameterized26
INFO: [VRFC 10-311] analyzing module blk_mem_gen_0_blk_mem_gen_prim_wrapper_init__parameterized27
INFO: [VRFC 10-311] analyzing module blk_mem_gen_0_blk_mem_gen_prim_wrapper_init__parameterized28
INFO: [VRFC 10-311] analyzing module blk_mem_gen_0_blk_mem_gen_prim_wrapper_init__parameterized29
INFO: [VRFC 10-311] analyzing module blk_mem_gen_0_blk_mem_gen_prim_wrapper_init__parameterized3
INFO: [VRFC 10-311] analyzing module blk_mem_gen_0_blk_mem_gen_prim_wrapper_init__parameterized30
INFO: [VRFC 10-311] analyzing module blk_mem_gen_0_blk_mem_gen_prim_wrapper_init__parameterized31
INFO: [VRFC 10-311] analyzing module blk_mem_gen_0_blk_mem_gen_prim_wrapper_init__parameterized32
INFO: [VRFC 10-311] analyzing module blk_mem_gen_0_blk_mem_gen_prim_wrapper_init__parameterized33
INFO: [VRFC 10-311] analyzing module blk_mem_gen_0_blk_mem_gen_prim_wrapper_init__parameterized34
INFO: [VRFC 10-311] analyzing module blk_mem_gen_0_blk_mem_gen_prim_wrapper_init__parameterized35
INFO: [VRFC 10-311] analyzing module blk_mem_gen_0_blk_mem_gen_prim_wrapper_init__parameterized36
INFO: [VRFC 10-311] analyzing module blk_mem_gen_0_blk_mem_gen_prim_wrapper_init__parameterized37
INFO: [VRFC 10-311] analyzing module blk_mem_gen_0_blk_mem_gen_prim_wrapper_init__parameterized38
INFO: [VRFC 10-311] analyzing module blk_mem_gen_0_blk_mem_gen_prim_wrapper_init__parameterized39
INFO: [VRFC 10-311] analyzing module blk_mem_gen_0_blk_mem_gen_prim_wrapper_init__parameterized4
INFO: [VRFC 10-311] analyzing module blk_mem_gen_0_blk_mem_gen_prim_wrapper_init__parameterized40
INFO: [VRFC 10-311] analyzing module blk_mem_gen_0_blk_mem_gen_prim_wrapper_init__parameterized41
INFO: [VRFC 10-311] analyzing module blk_mem_gen_0_blk_mem_gen_prim_wrapper_init__parameterized42
INFO: [VRFC 10-311] analyzing module blk_mem_gen_0_blk_mem_gen_prim_wrapper_init__parameterized43
INFO: [VRFC 10-311] analyzing module blk_mem_gen_0_blk_mem_gen_prim_wrapper_init__parameterized44
INFO: [VRFC 10-311] analyzing module blk_mem_gen_0_blk_mem_gen_prim_wrapper_init__parameterized45
INFO: [VRFC 10-311] analyzing module blk_mem_gen_0_blk_mem_gen_prim_wrapper_init__parameterized46
INFO: [VRFC 10-311] analyzing module blk_mem_gen_0_blk_mem_gen_prim_wrapper_init__parameterized47
INFO: [VRFC 10-311] analyzing module blk_mem_gen_0_blk_mem_gen_prim_wrapper_init__parameterized48
INFO: [VRFC 10-311] analyzing module blk_mem_gen_0_blk_mem_gen_prim_wrapper_init__parameterized49
INFO: [VRFC 10-311] analyzing module blk_mem_gen_0_blk_mem_gen_prim_wrapper_init__parameterized5
INFO: [VRFC 10-311] analyzing module blk_mem_gen_0_blk_mem_gen_prim_wrapper_init__parameterized50
INFO: [VRFC 10-311] analyzing module blk_mem_gen_0_blk_mem_gen_prim_wrapper_init__parameterized51
INFO: [VRFC 10-311] analyzing module blk_mem_gen_0_blk_mem_gen_prim_wrapper_init__parameterized52
INFO: [VRFC 10-311] analyzing module blk_mem_gen_0_blk_mem_gen_prim_wrapper_init__parameterized53
INFO: [VRFC 10-311] analyzing module blk_mem_gen_0_blk_mem_gen_prim_wrapper_init__parameterized54
INFO: [VRFC 10-311] analyzing module blk_mem_gen_0_blk_mem_gen_prim_wrapper_init__parameterized55
INFO: [VRFC 10-311] analyzing module blk_mem_gen_0_blk_mem_gen_prim_wrapper_init__parameterized56
INFO: [VRFC 10-311] analyzing module blk_mem_gen_0_blk_mem_gen_prim_wrapper_init__parameterized57
INFO: [VRFC 10-311] analyzing module blk_mem_gen_0_blk_mem_gen_prim_wrapper_init__parameterized58
INFO: [VRFC 10-311] analyzing module blk_mem_gen_0_blk_mem_gen_prim_wrapper_init__parameterized59
INFO: [VRFC 10-311] analyzing module blk_mem_gen_0_blk_mem_gen_prim_wrapper_init__parameterized6
INFO: [VRFC 10-311] analyzing module blk_mem_gen_0_blk_mem_gen_prim_wrapper_init__parameterized60
INFO: [VRFC 10-311] analyzing module blk_mem_gen_0_blk_mem_gen_prim_wrapper_init__parameterized61
INFO: [VRFC 10-311] analyzing module blk_mem_gen_0_blk_mem_gen_prim_wrapper_init__parameterized62
INFO: [VRFC 10-311] analyzing module blk_mem_gen_0_blk_mem_gen_prim_wrapper_init__parameterized63
INFO: [VRFC 10-311] analyzing module blk_mem_gen_0_blk_mem_gen_prim_wrapper_init__parameterized64
INFO: [VRFC 10-311] analyzing module blk_mem_gen_0_blk_mem_gen_prim_wrapper_init__parameterized65
INFO: [VRFC 10-311] analyzing module blk_mem_gen_0_blk_mem_gen_prim_wrapper_init__parameterized66
INFO: [VRFC 10-311] analyzing module blk_mem_gen_0_blk_mem_gen_prim_wrapper_init__parameterized67
INFO: [VRFC 10-311] analyzing module blk_mem_gen_0_blk_mem_gen_prim_wrapper_init__parameterized68
INFO: [VRFC 10-311] analyzing module blk_mem_gen_0_blk_mem_gen_prim_wrapper_init__parameterized69
INFO: [VRFC 10-311] analyzing module blk_mem_gen_0_blk_mem_gen_prim_wrapper_init__parameterized7
INFO: [VRFC 10-311] analyzing module blk_mem_gen_0_blk_mem_gen_prim_wrapper_init__parameterized70
INFO: [VRFC 10-311] analyzing module blk_mem_gen_0_blk_mem_gen_prim_wrapper_init__parameterized71
INFO: [VRFC 10-311] analyzing module blk_mem_gen_0_blk_mem_gen_prim_wrapper_init__parameterized72
INFO: [VRFC 10-311] analyzing module blk_mem_gen_0_blk_mem_gen_prim_wrapper_init__parameterized73
INFO: [VRFC 10-311] analyzing module blk_mem_gen_0_blk_mem_gen_prim_wrapper_init__parameterized74
INFO: [VRFC 10-311] analyzing module blk_mem_gen_0_blk_mem_gen_prim_wrapper_init__parameterized75
INFO: [VRFC 10-311] analyzing module blk_mem_gen_0_blk_mem_gen_prim_wrapper_init__parameterized76
INFO: [VRFC 10-311] analyzing module blk_mem_gen_0_blk_mem_gen_prim_wrapper_init__parameterized77
INFO: [VRFC 10-311] analyzing module blk_mem_gen_0_blk_mem_gen_prim_wrapper_init__parameterized78
INFO: [VRFC 10-311] analyzing module blk_mem_gen_0_blk_mem_gen_prim_wrapper_init__parameterized79
INFO: [VRFC 10-311] analyzing module blk_mem_gen_0_blk_mem_gen_prim_wrapper_init__parameterized8
INFO: [VRFC 10-311] analyzing module blk_mem_gen_0_blk_mem_gen_prim_wrapper_init__parameterized80
INFO: [VRFC 10-311] analyzing module blk_mem_gen_0_blk_mem_gen_prim_wrapper_init__parameterized81
INFO: [VRFC 10-311] analyzing module blk_mem_gen_0_blk_mem_gen_prim_wrapper_init__parameterized82
INFO: [VRFC 10-311] analyzing module blk_mem_gen_0_blk_mem_gen_prim_wrapper_init__parameterized83
INFO: [VRFC 10-311] analyzing module blk_mem_gen_0_blk_mem_gen_prim_wrapper_init__parameterized84
INFO: [VRFC 10-311] analyzing module blk_mem_gen_0_blk_mem_gen_prim_wrapper_init__parameterized85
INFO: [VRFC 10-311] analyzing module blk_mem_gen_0_blk_mem_gen_prim_wrapper_init__parameterized86
INFO: [VRFC 10-311] analyzing module blk_mem_gen_0_blk_mem_gen_prim_wrapper_init__parameterized87
INFO: [VRFC 10-311] analyzing module blk_mem_gen_0_blk_mem_gen_prim_wrapper_init__parameterized88
INFO: [VRFC 10-311] analyzing module blk_mem_gen_0_blk_mem_gen_prim_wrapper_init__parameterized89
INFO: [VRFC 10-311] analyzing module blk_mem_gen_0_blk_mem_gen_prim_wrapper_init__parameterized9
INFO: [VRFC 10-311] analyzing module blk_mem_gen_0_blk_mem_gen_prim_wrapper_init__parameterized90
INFO: [VRFC 10-311] analyzing module blk_mem_gen_0_blk_mem_gen_prim_wrapper_init__parameterized91
INFO: [VRFC 10-311] analyzing module blk_mem_gen_0_blk_mem_gen_prim_wrapper_init__parameterized92
INFO: [VRFC 10-311] analyzing module blk_mem_gen_0_blk_mem_gen_prim_wrapper_init__parameterized93
INFO: [VRFC 10-311] analyzing module blk_mem_gen_0_blk_mem_gen_prim_wrapper_init__parameterized94
INFO: [VRFC 10-311] analyzing module blk_mem_gen_0_blk_mem_gen_prim_wrapper_init__parameterized95
INFO: [VRFC 10-311] analyzing module blk_mem_gen_0_blk_mem_gen_prim_wrapper_init__parameterized96
INFO: [VRFC 10-311] analyzing module blk_mem_gen_0_blk_mem_gen_top
INFO: [VRFC 10-311] analyzing module blk_mem_gen_0_blk_mem_gen_v8_4_5
INFO: [VRFC 10-311] analyzing module blk_mem_gen_0_blk_mem_gen_v8_4_5_synth
INFO: [VRFC 10-311] analyzing module glbl
INFO: [VRFC 10-2263] Analyzing SystemVerilog file "C:/Users/hausd/Dateien/Xilinx_proj/bsc_mandelbulb2/bsc_mandelbulb2.srcs/sim_1/new/testbench.sv" into library xil_defaultlib
INFO: [VRFC 10-311] analyzing module testbench
ERROR: [VRFC 10-2989] 'fixedpoint' is not declared [C:/Users/hausd/Dateien/Xilinx_proj/bsc_mandelbulb2/bsc_mandelbulb2.srcs/sim_1/new/testbench.sv:35]
ERROR: [VRFC 10-2989] 'fixedpoint' is not declared [C:/Users/hausd/Dateien/Xilinx_proj/bsc_mandelbulb2/bsc_mandelbulb2.srcs/sim_1/new/testbench.sv:36]
ERROR: [VRFC 10-2989] 'fixedpoint' is not declared [C:/Users/hausd/Dateien/Xilinx_proj/bsc_mandelbulb2/bsc_mandelbulb2.srcs/sim_1/new/testbench.sv:37]
ERROR: [VRFC 10-2989] 'fixedpoint' is not declared [C:/Users/hausd/Dateien/Xilinx_proj/bsc_mandelbulb2/bsc_mandelbulb2.srcs/sim_1/new/testbench.sv:38]
ERROR: [VRFC 10-8530] module 'testbench' is ignored due to previous errors [C:/Users/hausd/Dateien/Xilinx_proj/bsc_mandelbulb2/bsc_mandelbulb2.srcs/sim_1/new/testbench.sv:3]
