INFO: [VRFC 10-2263] Analyzing SystemVerilog file "C:/Users/hausd/Dateien/Xilinx_proj/bsc_mandelbulb1/bsc_mandelbulb1.srcs/sources_1/new/fixedpoint.sv" into library xil_defaultlib
INFO: [VRFC 10-2263] Analyzing SystemVerilog file "C:/Users/hausd/Dateien/Xilinx_proj/bsc_mandelbulb1/bsc_mandelbulb1.srcs/sources_1/new/draw_vga.sv" into library xil_defaultlib
INFO: [VRFC 10-311] analyzing module draw_vga_from_video_memory
INFO: [VRFC 10-2263] Analyzing SystemVerilog file "C:/Users/hausd/Dateien/Xilinx_proj/bsc_mandelbulb1/bsc_mandelbulb1.srcs/sources_1/new/vga_frame_counter.sv" into library xil_defaultlib
INFO: [VRFC 10-311] analyzing module vga_frame_counter
INFO: [VRFC 10-2263] Analyzing SystemVerilog file "C:/Users/hausd/Dateien/Xilinx_proj/bsc_mandelbulb1/bsc_mandelbulb1.srcs/sources_1/new/top_layer.sv" into library xil_defaultlib
INFO: [VRFC 10-311] analyzing module top_layer
INFO: [VRFC 10-2263] Analyzing SystemVerilog file "C:/Users/hausd/Dateien/Xilinx_proj/bsc_mandelbulb1/bsc_mandelbulb1.srcs/sources_1/new/mandelbulb.sv" into library xil_defaultlib
INFO: [VRFC 10-311] analyzing module mandelbulb
INFO: [VRFC 10-2263] Analyzing SystemVerilog file "C:/Users/hausd/Dateien/Xilinx_proj/bsc_mandelbulb1/bsc_mandelbulb1.srcs/sources_1/new/flatten.sv" into library xil_defaultlib
INFO: [VRFC 10-311] analyzing module flatten
INFO: [VRFC 10-2263] Analyzing SystemVerilog file "C:/Users/hausd/Dateien/Xilinx_proj/bsc_mandelbulb1/bsc_mandelbulb1.srcs/sources_1/new/fixedpoint_mult.sv" into library xil_defaultlib
INFO: [VRFC 10-311] analyzing module fixedpoint_mult
INFO: [VRFC 10-2263] Analyzing SystemVerilog file "C:/Users/hausd/Dateien/Xilinx_proj/bsc_mandelbulb1/bsc_mandelbulb1.srcs/sources_1/new/fixedpoint_inverse_number.sv" into library xil_defaultlib
INFO: [VRFC 10-311] analyzing module fixedpoint_inverse_number
INFO: [VRFC 10-2263] Analyzing SystemVerilog file "C:/Users/hausd/Dateien/Xilinx_proj/bsc_mandelbulb1/bsc_mandelbulb1.srcs/sources_1/new/fixedpoint_MSB_index.sv" into library xil_defaultlib
INFO: [VRFC 10-311] analyzing module fixedpoint_MSB_index
INFO: [VRFC 10-2263] Analyzing SystemVerilog file "C:/Users/hausd/Dateien/Xilinx_proj/bsc_mandelbulb1/bsc_mandelbulb1.srcs/sources_1/new/fixedpoint_MSB_index2.sv" into library xil_defaultlib
INFO: [VRFC 10-311] analyzing module fixedpoint_MSB_index2
INFO: [VRFC 10-2263] Analyzing SystemVerilog file "C:/Users/hausd/Dateien/Xilinx_proj/bsc_mandelbulb1/bsc_mandelbulb1.srcs/sources_1/new/ln.sv" into library xil_defaultlib
INFO: [VRFC 10-311] analyzing module fixedpoint_log2
INFO: [VRFC 10-2263] Analyzing SystemVerilog file "C:/Users/hausd/Dateien/Xilinx_proj/bsc_mandelbulb1/bsc_mandelbulb1.srcs/sources_1/new/fixedpoint_sin.sv" into library xil_defaultlib
INFO: [VRFC 10-311] analyzing module fixedpoint_sin
INFO: [VRFC 10-2263] Analyzing SystemVerilog file "C:/Users/hausd/Dateien/Xilinx_proj/bsc_mandelbulb1/bsc_mandelbulb1.srcs/sources_1/new/fixedpoint_cos.sv" into library xil_defaultlib
INFO: [VRFC 10-311] analyzing module fixedpoint_cos
INFO: [VRFC 10-2263] Analyzing SystemVerilog file "C:/Users/hausd/Dateien/Xilinx_proj/bsc_mandelbulb1/bsc_mandelbulb1.srcs/sources_1/new/fixedpoint_acrccos.sv" into library xil_defaultlib
INFO: [VRFC 10-311] analyzing module fixedpoint_arccos
INFO: [VRFC 10-2263] Analyzing SystemVerilog file "C:/Users/hausd/Dateien/Xilinx_proj/bsc_mandelbulb1/bsc_mandelbulb1.srcs/sources_1/new/fixedpoint_arctan2.sv" into library xil_defaultlib
INFO: [VRFC 10-311] analyzing module fixedpoint_arctan2
INFO: [VRFC 10-2263] Analyzing SystemVerilog file "C:/Users/hausd/Dateien/Xilinx_proj/bsc_mandelbulb1/bsc_mandelbulb1.srcs/sources_1/new/fixedpoint_sqrt.sv" into library xil_defaultlib
INFO: [VRFC 10-311] analyzing module fixedpoint_sqrt
INFO: [VRFC 10-2263] Analyzing SystemVerilog file "C:/Users/hausd/Dateien/Xilinx_proj/bsc_mandelbulb1/bsc_mandelbulb1.srcs/sources_1/new/fixedpoint_mult_s.sv" into library xil_defaultlib
INFO: [VRFC 10-311] analyzing module fixedpoint_mult_s
INFO: [VRFC 10-2263] Analyzing SystemVerilog file "C:/Users/hausd/Dateien/Xilinx_proj/bsc_mandelbulb1/bsc_mandelbulb1.srcs/sources_1/new/fixedpoint_pow2.sv" into library xil_defaultlib
INFO: [VRFC 10-311] analyzing module fixedpoint_pow2
INFO: [VRFC 10-2263] Analyzing SystemVerilog file "C:/Users/hausd/Dateien/Xilinx_proj/bsc_mandelbulb1/bsc_mandelbulb1.srcs/sources_1/new/fixedpoint_pow8.sv" into library xil_defaultlib
INFO: [VRFC 10-311] analyzing module fixedpoint_pow8
INFO: [VRFC 10-2263] Analyzing SystemVerilog file "C:/Users/hausd/Dateien/Xilinx_proj/bsc_mandelbulb1/bsc_mandelbulb1.srcs/sources_1/new/fixedpoint_pow7.sv" into library xil_defaultlib
INFO: [VRFC 10-311] analyzing module fixedpoint_pow7
INFO: [VRFC 10-2263] Analyzing SystemVerilog file "C:/Users/hausd/Dateien/Xilinx_proj/bsc_mandelbulb1/bsc_mandelbulb1.srcs/sources_1/new/fixedpoint_norm.sv" into library xil_defaultlib
INFO: [VRFC 10-311] analyzing module fixedpoint_norm
INFO: [VRFC 10-2263] Analyzing SystemVerilog file "C:/Users/hausd/Dateien/Xilinx_proj/bsc_mandelbulb1/bsc_mandelbulb1.srcs/sources_1/new/fixedpoint_to_polar.sv" into library xil_defaultlib
INFO: [VRFC 10-311] analyzing module fixedpoint_to_polar
INFO: [VRFC 10-2263] Analyzing SystemVerilog file "C:/Users/hausd/Dateien/Xilinx_proj/bsc_mandelbulb1/bsc_mandelbulb1.srcs/sources_1/new/fixedpoint_sin_cos.sv" into library xil_defaultlib
INFO: [VRFC 10-311] analyzing module fixedpoint_sin_cos
INFO: [VRFC 10-2263] Analyzing SystemVerilog file "C:/Users/hausd/Dateien/Xilinx_proj/bsc_mandelbulb1/bsc_mandelbulb1.srcs/sources_1/new/fixedpoint_to_cartesian.sv" into library xil_defaultlib
INFO: [VRFC 10-311] analyzing module fixedpoint_to_cartesian
INFO: [VRFC 10-2263] Analyzing SystemVerilog file "C:/Users/hausd/Dateien/Xilinx_proj/bsc_mandelbulb1/bsc_mandelbulb1.srcs/sources_1/new/dr_zr.sv" into library xil_defaultlib
INFO: [VRFC 10-311] analyzing module dr_zr
INFO: [VRFC 10-2263] Analyzing SystemVerilog file "C:/Users/hausd/Dateien/Xilinx_proj/bsc_mandelbulb1/bsc_mandelbulb1.srcs/sources_1/new/mb_to_polar.sv" into library xil_defaultlib
INFO: [VRFC 10-311] analyzing module mb_to_polar
INFO: [VRFC 10-2263] Analyzing SystemVerilog file "C:/Users/hausd/Dateien/Xilinx_proj/bsc_mandelbulb1/bsc_mandelbulb1.srcs/sources_1/new/mb_dr_zr.sv" into library xil_defaultlib
INFO: [VRFC 10-311] analyzing module mb_dr_zr
INFO: [VRFC 10-2263] Analyzing SystemVerilog file "C:/Users/hausd/Dateien/Xilinx_proj/bsc_mandelbulb1/bsc_mandelbulb1.srcs/sources_1/new/mb_to_cartesian.sv" into library xil_defaultlib
INFO: [VRFC 10-311] analyzing module mb_to_cartesian
INFO: [VRFC 10-2263] Analyzing SystemVerilog file "C:/Users/hausd/Dateien/Xilinx_proj/bsc_mandelbulb1/bsc_mandelbulb1.srcs/sources_1/new/mb_sdf_iteration.sv" into library xil_defaultlib
INFO: [VRFC 10-311] analyzing module mb_sdf_iteration
INFO: [VRFC 10-2263] Analyzing SystemVerilog file "C:/Users/hausd/Dateien/Xilinx_proj/bsc_mandelbulb1/bsc_mandelbulb1.srcs/sources_1/new/mb_log_dist.sv" into library xil_defaultlib
INFO: [VRFC 10-311] analyzing module mb_log_dist
INFO: [VRFC 10-2263] Analyzing SystemVerilog file "C:/Users/hausd/Dateien/Xilinx_proj/bsc_mandelbulb1/bsc_mandelbulb1.srcs/sources_1/new/mandelbulb_sdf.sv" into library xil_defaultlib
INFO: [VRFC 10-311] analyzing module mandelbulb_sdf
INFO: [VRFC 10-2263] Analyzing SystemVerilog file "C:/Users/hausd/Dateien/Xilinx_proj/bsc_mandelbulb1/bsc_mandelbulb1.srcs/sources_1/new/ray_march.sv" into library xil_defaultlib
INFO: [VRFC 10-311] analyzing module ray_march
INFO: [VRFC 10-2263] Analyzing SystemVerilog file "C:/Users/hausd/Dateien/Xilinx_proj/bsc_mandelbulb1/bsc_mandelbulb1.srcs/sim_1/new/testbench.sv" into library xil_defaultlib
INFO: [VRFC 10-311] analyzing module testbench
